[ 2017-03-18T00:20:09+08:00 ] 127.0.0.1 /shop/admin.php/Login/logout
INFO: [ route_check ] --START--
INFO: CheckRoute Behavior ::run [ RunTime:0.000000s ]
INFO: [ route_check ] --END-- [ RunTime:0.000000s ]
INFO: [ app_begin ] --START--
INFO: ReadHtmlCache Behavior ::run [ RunTime:0.000000s ]
INFO: [ app_begin ] --END-- [ RunTime:0.000000s ]

[ 2017-03-18T00:20:09+08:00 ] 127.0.0.1 /shop/admin.php/Login/index.html
INFO: [ route_check ] --START--
INFO: CheckRoute Behavior ::run [ RunTime:0.001000s ]
INFO: [ route_check ] --END-- [ RunTime:0.001000s ]
INFO: [ app_begin ] --START--
INFO: ReadHtmlCache Behavior ::run [ RunTime:0.001000s ]
INFO: [ app_begin ] --END-- [ RunTime:0.001000s ]
INFO: [ view_parse ] --START--
INFO: ParseTemplate Behavior ::run [ RunTime:0.032000s ]
INFO: [ view_parse ] --END-- [ RunTime:0.032000s ]
INFO: [ view_filter ] --START--
INFO: ContentReplace Behavior ::run [ RunTime:0.001000s ]
INFO: TokenBuild Behavior ::run [ RunTime:0.001000s ]
INFO: WriteHtmlCache Behavior ::run [ RunTime:0.000000s ]
INFO: ShowRuntime Behavior ::run [ RunTime:0.001000s ]
INFO: [ view_filter ] --END-- [ RunTime:0.003000s ]
INFO: [ view_end ] --START--
INFO: ShowPageTrace Behavior ::run [ RunTime:0.001000s ]
INFO: [ view_end ] --END-- [ RunTime:0.001000s ]

[ 2017-03-18T00:20:25+08:00 ] 127.0.0.1 /shop/admin.php/Login/findpwd
INFO: [ route_check ] --START--
INFO: CheckRoute Behavior ::run [ RunTime:0.001000s ]
INFO: [ route_check ] --END-- [ RunTime:0.001000s ]
INFO: [ app_begin ] --START--
INFO: ReadHtmlCache Behavior ::run [ RunTime:0.001000s ]
INFO: [ app_begin ] --END-- [ RunTime:0.001000s ]
SQL: SHOW COLUMNS FROM `mss_mail_template` [ RunTime:0.049000s ]
NOTIC: [2] Missing argument 1 for Model::where(), called in E:\phpStudy\WWW\shop\Admin\Lib\Action\LoginAction.class.php on line 49 and defined E:\phpStudy\WWW\shop\ThinkPHP\Lib\Core\Model.class.php 第 1480 行.
NOTIC: [8] Undefined variable: where E:\phpStudy\WWW\shop\ThinkPHP\Lib\Core\Model.class.php 第 1488 行.
NOTIC: [8] Undefined variable: where E:\phpStudy\WWW\shop\ThinkPHP\Lib\Core\Model.class.php 第 1491 行.
NOTIC: [8] Undefined variable: where E:\phpStudy\WWW\shop\ThinkPHP\Lib\Core\Model.class.php 第 1499 行.
SQL: SELECT * FROM `mss_mail_template` LIMIT 1   [ RunTime:0.001000s ]
NOTIC: [8] Undefined index: email E:\phpStudy\WWW\shop\Admin\Lib\Action\LoginAction.class.php 第 55 行.
NOTIC: [8192] Function ereg() is deprecated E:\phpStudy\WWW\shop\ThinkPHP\Extend\Library\ORG\Email.class.php 第 324 行.
NOTIC: [8192] Function ereg_replace() is deprecated E:\phpStudy\WWW\shop\ThinkPHP\Extend\Library\ORG\Email.class.php 第 333 行.
NOTIC: [8192] Function ereg_replace() is deprecated E:\phpStudy\WWW\shop\ThinkPHP\Extend\Library\ORG\Email.class.php 第 334 行.
NOTIC: [8192] Function ereg_replace() is deprecated E:\phpStudy\WWW\shop\ThinkPHP\Extend\Library\ORG\Email.class.php 第 90 行.
NOTIC: [8] Undefined variable: header E:\phpStudy\WWW\shop\ThinkPHP\Extend\Library\ORG\Email.class.php 第 91 行.
NOTIC: [8192] Function ereg() is deprecated E:\phpStudy\WWW\shop\ThinkPHP\Extend\Library\ORG\Email.class.php 第 324 行.
NOTIC: [8192] Function ereg_replace() is deprecated E:\phpStudy\WWW\shop\ThinkPHP\Extend\Library\ORG\Email.class.php 第 333 行.
NOTIC: [8192] Function ereg_replace() is deprecated E:\phpStudy\WWW\shop\ThinkPHP\Extend\Library\ORG\Email.class.php 第 334 行.
NOTIC: [8192] Function ereg_replace() is deprecated E:\phpStudy\WWW\shop\ThinkPHP\Extend\Library\ORG\Email.class.php 第 230 行.

[ 2017-03-18T00:27:57+08:00 ] 127.0.0.1 /shop/admin.php/
INFO: [ route_check ] --START--
INFO: CheckRoute Behavior ::run [ RunTime:0.002000s ]
INFO: [ route_check ] --END-- [ RunTime:0.002000s ]
INFO: [ app_begin ] --START--
INFO: ReadHtmlCache Behavior ::run [ RunTime:0.001000s ]
INFO: [ app_begin ] --END-- [ RunTime:0.001000s ]
INFO: [ view_parse ] --START--
INFO: ParseTemplate Behavior ::run [ RunTime:0.011000s ]
INFO: [ view_parse ] --END-- [ RunTime:0.011000s ]
INFO: [ view_filter ] --START--
INFO: ContentReplace Behavior ::run [ RunTime:0.001000s ]
INFO: TokenBuild Behavior ::run [ RunTime:0.000000s ]
INFO: WriteHtmlCache Behavior ::run [ RunTime:0.001000s ]
INFO: ShowRuntime Behavior ::run [ RunTime:0.001000s ]
INFO: [ view_filter ] --END-- [ RunTime:0.003000s ]
INFO: [ view_end ] --START--
INFO: ShowPageTrace Behavior ::run [ RunTime:0.001000s ]
INFO: [ view_end ] --END-- [ RunTime:0.001000s ]

[ 2017-03-18T00:28:04+08:00 ] 127.0.0.1 /shop/admin.php/Login/login
INFO: [ route_check ] --START--
INFO: CheckRoute Behavior ::run [ RunTime:0.001000s ]
INFO: [ route_check ] --END-- [ RunTime:0.001000s ]
INFO: [ app_begin ] --START--
INFO: ReadHtmlCache Behavior ::run [ RunTime:0.001000s ]
INFO: [ app_begin ] --END-- [ RunTime:0.001000s ]
SQL: SHOW COLUMNS FROM `mss_user_admin` [ RunTime:0.025000s ]
SQL: SELECT * FROM `mss_user_admin` WHERE ( `username` = 'admin' ) AND ( `userpwd` = '21232f297a57a5a743894a0e4a801fc3' ) LIMIT 1   [ RunTime:0.000000s ]
SQL: UPDATE `mss_user_admin` SET `logintime`=1489768084 WHERE ( `id` = 1 ) [ RunTime:0.000000s ]

[ 2017-03-18T00:28:06+08:00 ] 127.0.0.1 /shop/admin.php/Index/index.html
INFO: [ route_check ] --START--
INFO: CheckRoute Behavior ::run [ RunTime:0.001000s ]
INFO: [ route_check ] --END-- [ RunTime:0.001000s ]
INFO: [ app_begin ] --START--
INFO: ReadHtmlCache Behavior ::run [ RunTime:0.001000s ]
INFO: [ app_begin ] --END-- [ RunTime:0.001000s ]
SQL: SHOW COLUMNS FROM `mss_user` [ RunTime:0.005000s ]
SQL: SELECT COUNT(*) AS tp_count FROM `mss_user` WHERE ( ustatus=1 ) LIMIT 1   [ RunTime:0.000000s ]
SQL: SELECT COUNT(*) AS tp_count FROM `mss_user` WHERE (  (`regtime` BETWEEN 1489334400 AND 1489248000 ) ) LIMIT 1   [ RunTime:0.033000s ]
SQL: SHOW COLUMNS FROM `mss_order` [ RunTime:0.011000s ]
SQL: SELECT COUNT(*) AS tp_count FROM `mss_order` LIMIT 1   [ RunTime:0.001000s ]
SQL: SELECT COUNT(*) AS tp_count FROM `mss_order` WHERE ( paystatus=3 ) LIMIT 1   [ RunTime:0.000000s ]
SQL: SELECT COUNT(*) AS tp_count FROM `mss_order` WHERE ( `paystatus` NOT IN ('3') ) LIMIT 1   [ RunTime:0.000000s ]
SQL: SHOW COLUMNS FROM `mss_goods` [ RunTime:0.008000s ]
SQL: SELECT COUNT(*) AS tp_count FROM `mss_goods` LIMIT 1   [ RunTime:0.001000s ]
SQL: SHOW COLUMNS FROM `mss_admin_log` [ RunTime:0.016000s ]
SQL: SELECT * FROM `mss_admin_log` ORDER BY time desc LIMIT 0,5   [ RunTime:0.051000s ]
INFO: [ view_parse ] --START--
INFO: ParseTemplate Behavior ::run [ RunTime:0.056000s ]
INFO: [ view_parse ] --END-- [ RunTime:0.056000s ]
INFO: [ view_filter ] --START--
INFO: ContentReplace Behavior ::run [ RunTime:0.002000s ]
INFO: TokenBuild Behavior ::run [ RunTime:0.001000s ]
INFO: WriteHtmlCache Behavior ::run [ RunTime:0.001000s ]
INFO: ShowRuntime Behavior ::run [ RunTime:0.002000s ]
INFO: [ view_filter ] --END-- [ RunTime:0.006000s ]
INFO: [ view_end ] --START--
INFO: ShowPageTrace Behavior ::run [ RunTime:0.002000s ]
INFO: [ view_end ] --END-- [ RunTime:0.002000s ]

[ 2017-03-18T00:28:53+08:00 ] 127.0.0.1 /shop/admin.php/Class/lists
INFO: [ route_check ] --START--
INFO: CheckRoute Behavior ::run [ RunTime:0.001000s ]
INFO: [ route_check ] --END-- [ RunTime:0.001000s ]
INFO: [ app_begin ] --START--
INFO: ReadHtmlCache Behavior ::run [ RunTime:0.001000s ]
INFO: [ app_begin ] --END-- [ RunTime:0.001000s ]
SQL: SHOW COLUMNS FROM `mss_admin_log` [ RunTime:0.006000s ]
SQL: INSERT INTO `mss_admin_log` (`userid`,`time`,`loginfo`,`userip`) VALUES (1,1489768133,'管理员admin查看了分类列表','127.0.0.1') [ RunTime:0.000000s ]
SQL: SHOW COLUMNS FROM `mss_goods_category` [ RunTime:0.006000s ]
SQL: SELECT COUNT(*) AS tp_count FROM `mss_goods_category` LIMIT 1   [ RunTime:0.000000s ]
SQL: SELECT * FROM `mss_goods_category` ORDER BY concat(path,',',id) asc,`ordernum` asc  [ RunTime:0.000000s ]
SQL: SHOW COLUMNS FROM `mss_goods` [ RunTime:0.007000s ]
SQL: SELECT * FROM `mss_goods` WHERE ( classid=10 )  [ RunTime:0.000000s ]
SQL: SELECT * FROM `mss_goods` WHERE ( classid=22 )  [ RunTime:0.000000s ]
SQL: SELECT * FROM `mss_goods` WHERE ( classid=23 )  [ RunTime:0.001000s ]
SQL: SELECT * FROM `mss_goods` WHERE ( classid=11 )  [ RunTime:0.000000s ]
SQL: SELECT * FROM `mss_goods` WHERE ( classid=17 )  [ RunTime:0.001000s ]
SQL: SELECT * FROM `mss_goods` WHERE ( classid=9 )  [ RunTime:0.000000s ]
SQL: SELECT * FROM `mss_goods` WHERE ( classid=24 )  [ RunTime:0.001000s ]
SQL: SELECT * FROM `mss_goods` WHERE ( classid=25 )  [ RunTime:0.000000s ]
INFO: [ view_parse ] --START--
INFO: ParseTemplate Behavior ::run [ RunTime:0.027000s ]
INFO: [ view_parse ] --END-- [ RunTime:0.027000s ]
INFO: [ view_filter ] --START--
INFO: ContentReplace Behavior ::run [ RunTime:0.001000s ]
INFO: TokenBuild Behavior ::run [ RunTime:0.001000s ]
INFO: WriteHtmlCache Behavior ::run [ RunTime:0.001000s ]
INFO: ShowRuntime Behavior ::run [ RunTime:0.001000s ]
INFO: [ view_filter ] --END-- [ RunTime:0.004000s ]
INFO: [ view_end ] --START--
INFO: ShowPageTrace Behavior ::run [ RunTime:0.001000s ]
INFO: [ view_end ] --END-- [ RunTime:0.001000s ]

[ 2017-03-18T00:28:58+08:00 ] 127.0.0.1 /shop/admin.php/Class/upda/id/10
INFO: [ route_check ] --START--
INFO: CheckRoute Behavior ::run [ RunTime:0.001000s ]
INFO: [ route_check ] --END-- [ RunTime:0.001000s ]
INFO: [ app_begin ] --START--
INFO: ReadHtmlCache Behavior ::run [ RunTime:0.001000s ]
INFO: [ app_begin ] --END-- [ RunTime:0.001000s ]
SQL: SHOW COLUMNS FROM `mss_goods_category` [ RunTime:0.008000s ]
SQL: SELECT * FROM `mss_goods_category` WHERE ( `id` = 10 ) LIMIT 1   [ RunTime:0.001000s ]
SQL: SELECT * FROM `mss_goods_category` ORDER BY concat(path,',',id)  [ RunTime:0.000000s ]
INFO: [ view_parse ] --START--
INFO: ParseTemplate Behavior ::run [ RunTime:0.015000s ]
INFO: [ view_parse ] --END-- [ RunTime:0.015000s ]
INFO: [ view_filter ] --START--
INFO: ContentReplace Behavior ::run [ RunTime:0.001000s ]
INFO: TokenBuild Behavior ::run [ RunTime:0.000000s ]
INFO: WriteHtmlCache Behavior ::run [ RunTime:0.001000s ]
INFO: ShowRuntime Behavior ::run [ RunTime:0.000000s ]
INFO: [ view_filter ] --END-- [ RunTime:0.002000s ]
INFO: [ view_end ] --START--
INFO: ShowPageTrace Behavior ::run [ RunTime:0.000000s ]
INFO: [ view_end ] --END-- [ RunTime:0.000000s ]

[ 2017-03-18T00:29:35+08:00 ] 127.0.0.1 /shop/admin.php/Class/update/id/10
INFO: [ route_check ] --START--
INFO: CheckRoute Behavior ::run [ RunTime:0.001000s ]
INFO: [ route_check ] --END-- [ RunTime:0.001000s ]
INFO: [ app_begin ] --START--
INFO: ReadHtmlCache Behavior ::run [ RunTime:0.000000s ]
INFO: [ app_begin ] --END-- [ RunTime:0.000000s ]
SQL: SHOW COLUMNS FROM `mss_admin_log` [ RunTime:0.006000s ]
SQL: INSERT INTO `mss_admin_log` (`userid`,`time`,`loginfo`,`userip`) VALUES (1,1489768175,'管理员admin修改了分类','127.0.0.1') [ RunTime:0.000000s ]
SQL: SHOW COLUMNS FROM `mss_goods_category` [ RunTime:0.006000s ]
SQL: SELECT * FROM `mss_goods_category` WHERE ( `id` = 10 ) LIMIT 1   [ RunTime:0.000000s ]
SQL: SELECT * FROM `mss_goods_category` WHERE ( `id` = 0 ) LIMIT 1   [ RunTime:0.000000s ]
SQL: UPDATE `mss_goods_category` SET `cname`='家庭宝洁',`sid`=0,`danwei`='件',`ordernum`=0,`isshow`=1,`description`='',`path`=0 WHERE ( id=10 ) [ RunTime:0.001000s ]
INFO: [ view_parse ] --START--
INFO: ParseTemplate Behavior ::run [ RunTime:0.005000s ]
INFO: [ view_parse ] --END-- [ RunTime:0.005000s ]
INFO: [ view_filter ] --START--
INFO: ContentReplace Behavior ::run [ RunTime:0.001000s ]
INFO: TokenBuild Behavior ::run [ RunTime:0.000000s ]
INFO: WriteHtmlCache Behavior ::run [ RunTime:0.000000s ]
INFO: ShowRuntime Behavior ::run [ RunTime:0.000000s ]
INFO: [ view_filter ] --END-- [ RunTime:0.002000s ]
INFO: [ view_end ] --START--
INFO: ShowPageTrace Behavior ::run [ RunTime:0.000000s ]
INFO: [ view_end ] --END-- [ RunTime:0.000000s ]

[ 2017-03-18T00:29:38+08:00 ] 127.0.0.1 /shop/admin.php/Class/lists
INFO: [ route_check ] --START--
INFO: CheckRoute Behavior ::run [ RunTime:0.001000s ]
INFO: [ route_check ] --END-- [ RunTime:0.001000s ]
INFO: [ app_begin ] --START--
INFO: ReadHtmlCache Behavior ::run [ RunTime:0.001000s ]
INFO: [ app_begin ] --END-- [ RunTime:0.001000s ]
SQL: SHOW COLUMNS FROM `mss_admin_log` [ RunTime:0.010000s ]
SQL: INSERT INTO `mss_admin_log` (`userid`,`time`,`loginfo`,`userip`) VALUES (1,1489768178,'管理员admin查看了分类列表','127.0.0.1') [ RunTime:0.000000s ]
SQL: SHOW COLUMNS FROM `mss_goods_category` [ RunTime:0.012000s ]
SQL: SELECT COUNT(*) AS tp_count FROM `mss_goods_category` LIMIT 1   [ RunTime:0.001000s ]
SQL: SELECT * FROM `mss_goods_category` ORDER BY concat(path,',',id) asc,`ordernum` asc  [ RunTime:0.001000s ]
SQL: SHOW COLUMNS FROM `mss_goods` [ RunTime:0.006000s ]
SQL: SELECT * FROM `mss_goods` WHERE ( classid=10 )  [ RunTime:0.001000s ]
SQL: SELECT * FROM `mss_goods` WHERE ( classid=22 )  [ RunTime:0.000000s ]
SQL: SELECT * FROM `mss_goods` WHERE ( classid=23 )  [ RunTime:0.001000s ]
SQL: SELECT * FROM `mss_goods` WHERE ( classid=11 )  [ RunTime:0.000000s ]
SQL: SELECT * FROM `mss_goods` WHERE ( classid=17 )  [ RunTime:0.001000s ]
SQL: SELECT * FROM `mss_goods` WHERE ( classid=9 )  [ RunTime:0.000000s ]
SQL: SELECT * FROM `mss_goods` WHERE ( classid=24 )  [ RunTime:0.000000s ]
SQL: SELECT * FROM `mss_goods` WHERE ( classid=25 )  [ RunTime:0.000000s ]
INFO: [ view_parse ] --START--
INFO: ParseTemplate Behavior ::run [ RunTime:0.007000s ]
INFO: [ view_parse ] --END-- [ RunTime:0.007000s ]
INFO: [ view_filter ] --START--
INFO: ContentReplace Behavior ::run [ RunTime:0.000000s ]
INFO: TokenBuild Behavior ::run [ RunTime:0.001000s ]
INFO: WriteHtmlCache Behavior ::run [ RunTime:0.000000s ]
INFO: ShowRuntime Behavior ::run [ RunTime:0.000000s ]
INFO: [ view_filter ] --END-- [ RunTime:0.001000s ]
INFO: [ view_end ] --START--
INFO: ShowPageTrace Behavior ::run [ RunTime:0.001000s ]
INFO: [ view_end ] --END-- [ RunTime:0.001000s ]

[ 2017-03-18T00:29:52+08:00 ] 127.0.0.1 /shop/admin.php/Class/upda/id/11
INFO: [ route_check ] --START--
INFO: CheckRoute Behavior ::run [ RunTime:0.000000s ]
INFO: [ route_check ] --END-- [ RunTime:0.000000s ]
INFO: [ app_begin ] --START--
INFO: ReadHtmlCache Behavior ::run [ RunTime:0.001000s ]
INFO: [ app_begin ] --END-- [ RunTime:0.001000s ]
SQL: SHOW COLUMNS FROM `mss_goods_category` [ RunTime:0.005000s ]
SQL: SELECT * FROM `mss_goods_category` WHERE ( `id` = 11 ) LIMIT 1   [ RunTime:0.000000s ]
SQL: SELECT * FROM `mss_goods_category` ORDER BY concat(path,',',id)  [ RunTime:0.000000s ]
INFO: [ view_parse ] --START--
INFO: ParseTemplate Behavior ::run [ RunTime:0.007000s ]
INFO: [ view_parse ] --END-- [ RunTime:0.007000s ]
INFO: [ view_filter ] --START--
INFO: ContentReplace Behavior ::run [ RunTime:0.001000s ]
INFO: TokenBuild Behavior ::run [ RunTime:0.000000s ]
INFO: WriteHtmlCache Behavior ::run [ RunTime:0.000000s ]
INFO: ShowRuntime Behavior ::run [ RunTime:0.000000s ]
INFO: [ view_filter ] --END-- [ RunTime:0.001000s ]
INFO: [ view_end ] --START--
INFO: ShowPageTrace Behavior ::run [ RunTime:0.000000s ]
INFO: [ view_end ] --END-- [ RunTime:0.000000s ]

[ 2017-03-18T00:30:05+08:00 ] 127.0.0.1 /shop/admin.php/Class/update/id/11
INFO: [ route_check ] --START--
INFO: CheckRoute Behavior ::run [ RunTime:0.001000s ]
INFO: [ route_check ] --END-- [ RunTime:0.001000s ]
INFO: [ app_begin ] --START--
INFO: ReadHtmlCache Behavior ::run [ RunTime:0.001000s ]
INFO: [ app_begin ] --END-- [ RunTime:0.001000s ]
SQL: SHOW COLUMNS FROM `mss_admin_log` [ RunTime:0.008000s ]
SQL: INSERT INTO `mss_admin_log` (`userid`,`time`,`loginfo`,`userip`) VALUES (1,1489768205,'管理员admin修改了分类','127.0.0.1') [ RunTime:0.000000s ]
SQL: SHOW COLUMNS FROM `mss_goods_category` [ RunTime:0.006000s ]
SQL: SELECT * FROM `mss_goods_category` WHERE ( `id` = 11 ) LIMIT 1   [ RunTime:0.001000s ]
SQL: SELECT * FROM `mss_goods_category` WHERE ( `id` = 0 ) LIMIT 1   [ RunTime:0.000000s ]
SQL: UPDATE `mss_goods_category` SET `cname`='社区租房',`sid`=0,`danwei`='件',`ordernum`=0,`isshow`=1,`description`='',`path`=0 WHERE ( id=11 ) [ RunTime:0.001000s ]
INFO: [ view_parse ] --START--
INFO: ParseTemplate Behavior ::run [ RunTime:0.006000s ]
INFO: [ view_parse ] --END-- [ RunTime:0.006000s ]
INFO: [ view_filter ] --START--
INFO: ContentReplace Behavior ::run [ RunTime:0.000000s ]
INFO: TokenBuild Behavior ::run [ RunTime:0.001000s ]
INFO: WriteHtmlCache Behavior ::run [ RunTime:0.000000s ]
INFO: ShowRuntime Behavior ::run [ RunTime:0.001000s ]
INFO: [ view_filter ] --END-- [ RunTime:0.002000s ]
INFO: [ view_end ] --START--
INFO: ShowPageTrace Behavior ::run [ RunTime:0.000000s ]
INFO: [ view_end ] --END-- [ RunTime:0.000000s ]

[ 2017-03-18T00:30:08+08:00 ] 127.0.0.1 /shop/admin.php/Class/lists
INFO: [ route_check ] --START--
INFO: CheckRoute Behavior ::run [ RunTime:0.001000s ]
INFO: [ route_check ] --END-- [ RunTime:0.001000s ]
INFO: [ app_begin ] --START--
INFO: ReadHtmlCache Behavior ::run [ RunTime:0.000000s ]
INFO: [ app_begin ] --END-- [ RunTime:0.001000s ]
SQL: SHOW COLUMNS FROM `mss_admin_log` [ RunTime:0.004000s ]
SQL: INSERT INTO `mss_admin_log` (`userid`,`time`,`loginfo`,`userip`) VALUES (1,1489768208,'管理员admin查看了分类列表','127.0.0.1') [ RunTime:0.000000s ]
SQL: SHOW COLUMNS FROM `mss_goods_category` [ RunTime:0.004000s ]
SQL: SELECT COUNT(*) AS tp_count FROM `mss_goods_category` LIMIT 1   [ RunTime:0.000000s ]
SQL: SELECT * FROM `mss_goods_category` ORDER BY concat(path,',',id) asc,`ordernum` asc  [ RunTime:0.000000s ]
SQL: SHOW COLUMNS FROM `mss_goods` [ RunTime:0.005000s ]
SQL: SELECT * FROM `mss_goods` WHERE ( classid=10 )  [ RunTime:0.000000s ]
SQL: SELECT * FROM `mss_goods` WHERE ( classid=22 )  [ RunTime:0.001000s ]
SQL: SELECT * FROM `mss_goods` WHERE ( classid=23 )  [ RunTime:0.000000s ]
SQL: SELECT * FROM `mss_goods` WHERE ( classid=11 )  [ RunTime:0.000000s ]
SQL: SELECT * FROM `mss_goods` WHERE ( classid=17 )  [ RunTime:0.001000s ]
SQL: SELECT * FROM `mss_goods` WHERE ( classid=9 )  [ RunTime:0.000000s ]
SQL: SELECT * FROM `mss_goods` WHERE ( classid=24 )  [ RunTime:0.000000s ]
SQL: SELECT * FROM `mss_goods` WHERE ( classid=25 )  [ RunTime:0.000000s ]
INFO: [ view_parse ] --START--
INFO: ParseTemplate Behavior ::run [ RunTime:0.006000s ]
INFO: [ view_parse ] --END-- [ RunTime:0.006000s ]
INFO: [ view_filter ] --START--
INFO: ContentReplace Behavior ::run [ RunTime:0.001000s ]
INFO: TokenBuild Behavior ::run [ RunTime:0.000000s ]
INFO: WriteHtmlCache Behavior ::run [ RunTime:0.000000s ]
INFO: ShowRuntime Behavior ::run [ RunTime:0.000000s ]
INFO: [ view_filter ] --END-- [ RunTime:0.001000s ]
INFO: [ view_end ] --START--
INFO: ShowPageTrace Behavior ::run [ RunTime:0.000000s ]
INFO: [ view_end ] --END-- [ RunTime:0.000000s ]

[ 2017-03-18T00:30:16+08:00 ] 127.0.0.1 /shop/admin.php/Class/upda/id/17
INFO: [ route_check ] --START--
INFO: CheckRoute Behavior ::run [ RunTime:0.002000s ]
INFO: [ route_check ] --END-- [ RunTime:0.002000s ]
INFO: [ app_begin ] --START--
INFO: ReadHtmlCache Behavior ::run [ RunTime:0.001000s ]
INFO: [ app_begin ] --END-- [ RunTime:0.001000s ]
SQL: SHOW COLUMNS FROM `mss_goods_category` [ RunTime:0.010000s ]
SQL: SELECT * FROM `mss_goods_category` WHERE ( `id` = 17 ) LIMIT 1   [ RunTime:0.001000s ]
SQL: SELECT * FROM `mss_goods_category` ORDER BY concat(path,',',id)  [ RunTime:0.000000s ]
INFO: [ view_parse ] --START--
INFO: ParseTemplate Behavior ::run [ RunTime:0.012000s ]
INFO: [ view_parse ] --END-- [ RunTime:0.012000s ]
INFO: [ view_filter ] --START--
INFO: ContentReplace Behavior ::run [ RunTime:0.001000s ]
INFO: TokenBuild Behavior ::run [ RunTime:0.000000s ]
INFO: WriteHtmlCache Behavior ::run [ RunTime:0.001000s ]
INFO: ShowRuntime Behavior ::run [ RunTime:0.000000s ]
INFO: [ view_filter ] --END-- [ RunTime:0.002000s ]
INFO: [ view_end ] --START--
INFO: ShowPageTrace Behavior ::run [ RunTime:0.000000s ]
INFO: [ view_end ] --END-- [ RunTime:0.001000s ]

[ 2017-03-18T00:30:24+08:00 ] 127.0.0.1 /shop/admin.php/Class/update/id/17
INFO: [ route_check ] --START--
INFO: CheckRoute Behavior ::run [ RunTime:0.001000s ]
INFO: [ route_check ] --END-- [ RunTime:0.001000s ]
INFO: [ app_begin ] --START--
INFO: ReadHtmlCache Behavior ::run [ RunTime:0.001000s ]
INFO: [ app_begin ] --END-- [ RunTime:0.001000s ]
SQL: SHOW COLUMNS FROM `mss_admin_log` [ RunTime:0.007000s ]
SQL: INSERT INTO `mss_admin_log` (`userid`,`time`,`loginfo`,`userip`) VALUES (1,1489768224,'管理员admin修改了分类','127.0.0.1') [ RunTime:0.001000s ]
SQL: SHOW COLUMNS FROM `mss_goods_category` [ RunTime:0.009000s ]
SQL: SELECT * FROM `mss_goods_category` WHERE ( `id` = 17 ) LIMIT 1   [ RunTime:0.001000s ]
SQL: SELECT * FROM `mss_goods_category` WHERE ( `id` = 0 ) LIMIT 1   [ RunTime:0.000000s ]
SQL: UPDATE `mss_goods_category` SET `cname`='便民信息',`sid`=0,`danwei`='件',`ordernum`=0,`isshow`=1,`description`='',`path`=0 WHERE ( id=17 ) [ RunTime:0.001000s ]
INFO: [ view_parse ] --START--
INFO: ParseTemplate Behavior ::run [ RunTime:0.006000s ]
INFO: [ view_parse ] --END-- [ RunTime:0.006000s ]
INFO: [ view_filter ] --START--
INFO: ContentReplace Behavior ::run [ RunTime:0.001000s ]
INFO: TokenBuild Behavior ::run [ RunTime:0.000000s ]
INFO: WriteHtmlCache Behavior ::run [ RunTime:0.001000s ]
INFO: ShowRuntime Behavior ::run [ RunTime:0.000000s ]
INFO: [ view_filter ] --END-- [ RunTime:0.002000s ]
INFO: [ view_end ] --START--
INFO: ShowPageTrace Behavior ::run [ RunTime:0.001000s ]
INFO: [ view_end ] --END-- [ RunTime:0.001000s ]

[ 2017-03-18T00:30:26+08:00 ] 127.0.0.1 /shop/admin.php/Class/lists
INFO: [ route_check ] --START--
INFO: CheckRoute Behavior ::run [ RunTime:0.001000s ]
INFO: [ route_check ] --END-- [ RunTime:0.001000s ]
INFO: [ app_begin ] --START--
INFO: ReadHtmlCache Behavior ::run [ RunTime:0.001000s ]
INFO: [ app_begin ] --END-- [ RunTime:0.001000s ]
SQL: SHOW COLUMNS FROM `mss_admin_log` [ RunTime:0.017000s ]
SQL: INSERT INTO `mss_admin_log` (`userid`,`time`,`loginfo`,`userip`) VALUES (1,1489768226,'管理员admin查看了分类列表','127.0.0.1') [ RunTime:0.001000s ]
SQL: SHOW COLUMNS FROM `mss_goods_category` [ RunTime:0.013000s ]
SQL: SELECT COUNT(*) AS tp_count FROM `mss_goods_category` LIMIT 1   [ RunTime:0.001000s ]
SQL: SELECT * FROM `mss_goods_category` ORDER BY concat(path,',',id) asc,`ordernum` asc  [ RunTime:0.000000s ]
SQL: SHOW COLUMNS FROM `mss_goods` [ RunTime:0.008000s ]
SQL: SELECT * FROM `mss_goods` WHERE ( classid=10 )  [ RunTime:0.000000s ]
SQL: SELECT * FROM `mss_goods` WHERE ( classid=22 )  [ RunTime:0.001000s ]
SQL: SELECT * FROM `mss_goods` WHERE ( classid=23 )  [ RunTime:0.000000s ]
SQL: SELECT * FROM `mss_goods` WHERE ( classid=11 )  [ RunTime:0.001000s ]
SQL: SELECT * FROM `mss_goods` WHERE ( classid=17 )  [ RunTime:0.000000s ]
SQL: SELECT * FROM `mss_goods` WHERE ( classid=9 )  [ RunTime:0.001000s ]
SQL: SELECT * FROM `mss_goods` WHERE ( classid=24 )  [ RunTime:0.000000s ]
SQL: SELECT * FROM `mss_goods` WHERE ( classid=25 )  [ RunTime:0.000000s ]
INFO: [ view_parse ] --START--
INFO: ParseTemplate Behavior ::run [ RunTime:0.008000s ]
INFO: [ view_parse ] --END-- [ RunTime:0.008000s ]
INFO: [ view_filter ] --START--
INFO: ContentReplace Behavior ::run [ RunTime:0.001000s ]
INFO: TokenBuild Behavior ::run [ RunTime:0.000000s ]
INFO: WriteHtmlCache Behavior ::run [ RunTime:0.001000s ]
INFO: ShowRuntime Behavior ::run [ RunTime:0.000000s ]
INFO: [ view_filter ] --END-- [ RunTime:0.002000s ]
INFO: [ view_end ] --START--
INFO: ShowPageTrace Behavior ::run [ RunTime:0.001000s ]
INFO: [ view_end ] --END-- [ RunTime:0.001000s ]

[ 2017-03-18T00:30:29+08:00 ] 127.0.0.1 /shop/admin.php/Class/upda/id/22
INFO: [ route_check ] --START--
INFO: CheckRoute Behavior ::run [ RunTime:0.001000s ]
INFO: [ route_check ] --END-- [ RunTime:0.001000s ]
INFO: [ app_begin ] --START--
INFO: ReadHtmlCache Behavior ::run [ RunTime:0.000000s ]
INFO: [ app_begin ] --END-- [ RunTime:0.000000s ]
SQL: SHOW COLUMNS FROM `mss_goods_category` [ RunTime:0.014000s ]
SQL: SELECT * FROM `mss_goods_category` WHERE ( `id` = 22 ) LIMIT 1   [ RunTime:0.001000s ]
SQL: SELECT * FROM `mss_goods_category` ORDER BY concat(path,',',id)  [ RunTime:0.001000s ]
INFO: [ view_parse ] --START--
INFO: ParseTemplate Behavior ::run [ RunTime:0.017000s ]
INFO: [ view_parse ] --END-- [ RunTime:0.017000s ]
INFO: [ view_filter ] --START--
INFO: ContentReplace Behavior ::run [ RunTime:0.001000s ]
INFO: TokenBuild Behavior ::run [ RunTime:0.001000s ]
INFO: WriteHtmlCache Behavior ::run [ RunTime:0.001000s ]
INFO: ShowRuntime Behavior ::run [ RunTime:0.001000s ]
INFO: [ view_filter ] --END-- [ RunTime:0.004000s ]
INFO: [ view_end ] --START--
INFO: ShowPageTrace Behavior ::run [ RunTime:0.000000s ]
INFO: [ view_end ] --END-- [ RunTime:0.000000s ]

[ 2017-03-18T00:30:44+08:00 ] 127.0.0.1 /shop/admin.php/Class/update/id/22
INFO: [ route_check ] --START--
INFO: CheckRoute Behavior ::run [ RunTime:0.001000s ]
INFO: [ route_check ] --END-- [ RunTime:0.001000s ]
INFO: [ app_begin ] --START--
INFO: ReadHtmlCache Behavior ::run [ RunTime:0.001000s ]
INFO: [ app_begin ] --END-- [ RunTime:0.001000s ]
SQL: SHOW COLUMNS FROM `mss_admin_log` [ RunTime:0.006000s ]
SQL: INSERT INTO `mss_admin_log` (`userid`,`time`,`loginfo`,`userip`) VALUES (1,1489768244,'管理员admin修改了分类','127.0.0.1') [ RunTime:0.000000s ]
SQL: SHOW COLUMNS FROM `mss_goods_category` [ RunTime:0.005000s ]
SQL: SELECT * FROM `mss_goods_category` WHERE ( `id` = 22 ) LIMIT 1   [ RunTime:0.001000s ]
SQL: SELECT * FROM `mss_goods_category` WHERE ( `id` = 17 ) LIMIT 1   [ RunTime:0.000000s ]
SQL: UPDATE `mss_goods_category` SET `cname`='送外卖',`sid`=17,`danwei`='1',`ordernum`=5,`isshow`=1,`description`='',`path`='0,17' WHERE ( id=22 ) [ RunTime:0.000000s ]
INFO: [ view_parse ] --START--
INFO: ParseTemplate Behavior ::run [ RunTime:0.004000s ]
INFO: [ view_parse ] --END-- [ RunTime:0.004000s ]
INFO: [ view_filter ] --START--
INFO: ContentReplace Behavior ::run [ RunTime:0.000000s ]
INFO: TokenBuild Behavior ::run [ RunTime:0.000000s ]
INFO: WriteHtmlCache Behavior ::run [ RunTime:0.000000s ]
INFO: ShowRuntime Behavior ::run [ RunTime:0.000000s ]
INFO: [ view_filter ] --END-- [ RunTime:0.001000s ]
INFO: [ view_end ] --START--
INFO: ShowPageTrace Behavior ::run [ RunTime:0.000000s ]
INFO: [ view_end ] --END-- [ RunTime:0.000000s ]

[ 2017-03-18T00:30:46+08:00 ] 127.0.0.1 /shop/admin.php/Class/lists
INFO: [ route_check ] --START--
INFO: CheckRoute Behavior ::run [ RunTime:0.001000s ]
INFO: [ route_check ] --END-- [ RunTime:0.001000s ]
INFO: [ app_begin ] --START--
INFO: ReadHtmlCache Behavior ::run [ RunTime:0.001000s ]
INFO: [ app_begin ] --END-- [ RunTime:0.001000s ]
SQL: SHOW COLUMNS FROM `mss_admin_log` [ RunTime:0.018000s ]
SQL: INSERT INTO `mss_admin_log` (`userid`,`time`,`loginfo`,`userip`) VALUES (1,1489768246,'管理员admin查看了分类列表','127.0.0.1') [ RunTime:0.000000s ]
SQL: SHOW COLUMNS FROM `mss_goods_category` [ RunTime:0.012000s ]
SQL: SELECT COUNT(*) AS tp_count FROM `mss_goods_category` LIMIT 1   [ RunTime:0.001000s ]
SQL: SELECT * FROM `mss_goods_category` ORDER BY concat(path,',',id) asc,`ordernum` asc  [ RunTime:0.000000s ]
SQL: SHOW COLUMNS FROM `mss_goods` [ RunTime:0.011000s ]
SQL: SELECT * FROM `mss_goods` WHERE ( classid=10 )  [ RunTime:0.001000s ]
SQL: SELECT * FROM `mss_goods` WHERE ( classid=23 )  [ RunTime:0.000000s ]
SQL: SELECT * FROM `mss_goods` WHERE ( classid=11 )  [ RunTime:0.001000s ]
SQL: SELECT * FROM `mss_goods` WHERE ( classid=17 )  [ RunTime:0.000000s ]
SQL: SELECT * FROM `mss_goods` WHERE ( classid=22 )  [ RunTime:0.001000s ]
SQL: SELECT * FROM `mss_goods` WHERE ( classid=9 )  [ RunTime:0.000000s ]
SQL: SELECT * FROM `mss_goods` WHERE ( classid=24 )  [ RunTime:0.000000s ]
SQL: SELECT * FROM `mss_goods` WHERE ( classid=25 )  [ RunTime:0.001000s ]
INFO: [ view_parse ] --START--
INFO: ParseTemplate Behavior ::run [ RunTime:0.007000s ]
INFO: [ view_parse ] --END-- [ RunTime:0.007000s ]
INFO: [ view_filter ] --START--
INFO: ContentReplace Behavior ::run [ RunTime:0.001000s ]
INFO: TokenBuild Behavior ::run [ RunTime:0.000000s ]
INFO: WriteHtmlCache Behavior ::run [ RunTime:0.000000s ]
INFO: ShowRuntime Behavior ::run [ RunTime:0.001000s ]
INFO: [ view_filter ] --END-- [ RunTime:0.002000s ]
INFO: [ view_end ] --START--
INFO: ShowPageTrace Behavior ::run [ RunTime:0.000000s ]
INFO: [ view_end ] --END-- [ RunTime:0.000000s ]

[ 2017-03-18T00:30:50+08:00 ] 127.0.0.1 /shop/admin.php/Class/upda/id/23
INFO: [ route_check ] --START--
INFO: CheckRoute Behavior ::run [ RunTime:0.001000s ]
INFO: [ route_check ] --END-- [ RunTime:0.001000s ]
INFO: [ app_begin ] --START--
INFO: ReadHtmlCache Behavior ::run [ RunTime:0.001000s ]
INFO: [ app_begin ] --END-- [ RunTime:0.001000s ]
SQL: SHOW COLUMNS FROM `mss_goods_category` [ RunTime:0.019000s ]
SQL: SELECT * FROM `mss_goods_category` WHERE ( `id` = 23 ) LIMIT 1   [ RunTime:0.001000s ]
SQL: SELECT * FROM `mss_goods_category` ORDER BY concat(path,',',id)  [ RunTime:0.001000s ]
INFO: [ view_parse ] --START--
INFO: ParseTemplate Behavior ::run [ RunTime:0.013000s ]
INFO: [ view_parse ] --END-- [ RunTime:0.013000s ]
INFO: [ view_filter ] --START--
INFO: ContentReplace Behavior ::run [ RunTime:0.001000s ]
INFO: TokenBuild Behavior ::run [ RunTime:0.001000s ]
INFO: WriteHtmlCache Behavior ::run [ RunTime:0.000000s ]
INFO: ShowRuntime Behavior ::run [ RunTime:0.001000s ]
INFO: [ view_filter ] --END-- [ RunTime:0.003000s ]
INFO: [ view_end ] --START--
INFO: ShowPageTrace Behavior ::run [ RunTime:0.001000s ]
INFO: [ view_end ] --END-- [ RunTime:0.001000s ]

[ 2017-03-18T00:30:58+08:00 ] 127.0.0.1 /shop/admin.php/Class/update/id/23
INFO: [ route_check ] --START--
INFO: CheckRoute Behavior ::run [ RunTime:0.001000s ]
INFO: [ route_check ] --END-- [ RunTime:0.003000s ]
INFO: [ app_begin ] --START--
INFO: ReadHtmlCache Behavior ::run [ RunTime:0.001000s ]
INFO: [ app_begin ] --END-- [ RunTime:0.001000s ]
SQL: SHOW COLUMNS FROM `mss_admin_log` [ RunTime:0.025000s ]
SQL: INSERT INTO `mss_admin_log` (`userid`,`time`,`loginfo`,`userip`) VALUES (1,1489768258,'管理员admin修改了分类','127.0.0.1') [ RunTime:0.001000s ]
SQL: SHOW COLUMNS FROM `mss_goods_category` [ RunTime:0.015000s ]
SQL: SELECT * FROM `mss_goods_category` WHERE ( `id` = 23 ) LIMIT 1   [ RunTime:0.001000s ]
SQL: SELECT * FROM `mss_goods_category` WHERE ( `id` = 10 ) LIMIT 1   [ RunTime:0.000000s ]
SQL: UPDATE `mss_goods_category` SET `cname`='送快递',`sid`=10,`danwei`='1',`ordernum`=1,`isshow`=1,`description`='',`path`='0,10' WHERE ( id=23 ) [ RunTime:0.000000s ]
INFO: [ view_parse ] --START--
INFO: ParseTemplate Behavior ::run [ RunTime:0.008000s ]
INFO: [ view_parse ] --END-- [ RunTime:0.009000s ]
INFO: [ view_filter ] --START--
INFO: ContentReplace Behavior ::run [ RunTime:0.000000s ]
INFO: TokenBuild Behavior ::run [ RunTime:0.001000s ]
INFO: WriteHtmlCache Behavior ::run [ RunTime:0.000000s ]
INFO: ShowRuntime Behavior ::run [ RunTime:0.001000s ]
INFO: [ view_filter ] --END-- [ RunTime:0.002000s ]
INFO: [ view_end ] --START--
INFO: ShowPageTrace Behavior ::run [ RunTime:0.001000s ]
INFO: [ view_end ] --END-- [ RunTime:0.001000s ]

[ 2017-03-18T00:31:00+08:00 ] 127.0.0.1 /shop/admin.php/Class/lists
INFO: [ route_check ] --START--
INFO: CheckRoute Behavior ::run [ RunTime:0.001000s ]
INFO: [ route_check ] --END-- [ RunTime:0.001000s ]
INFO: [ app_begin ] --START--
INFO: ReadHtmlCache Behavior ::run [ RunTime:0.000000s ]
INFO: [ app_begin ] --END-- [ RunTime:0.000000s ]
SQL: SHOW COLUMNS FROM `mss_admin_log` [ RunTime:0.015000s ]
SQL: INSERT INTO `mss_admin_log` (`userid`,`time`,`loginfo`,`userip`) VALUES (1,1489768260,'管理员admin查看了分类列表','127.0.0.1') [ RunTime:0.001000s ]
SQL: SHOW COLUMNS FROM `mss_goods_category` [ RunTime:0.011000s ]
SQL: SELECT COUNT(*) AS tp_count FROM `mss_goods_category` LIMIT 1   [ RunTime:0.001000s ]
SQL: SELECT * FROM `mss_goods_category` ORDER BY concat(path,',',id) asc,`ordernum` asc  [ RunTime:0.001000s ]
SQL: SHOW COLUMNS FROM `mss_goods` [ RunTime:0.007000s ]
SQL: SELECT * FROM `mss_goods` WHERE ( classid=10 )  [ RunTime:0.001000s ]
SQL: SELECT * FROM `mss_goods` WHERE ( classid=23 )  [ RunTime:0.001000s ]
SQL: SELECT * FROM `mss_goods` WHERE ( classid=11 )  [ RunTime:0.000000s ]
SQL: SELECT * FROM `mss_goods` WHERE ( classid=17 )  [ RunTime:0.001000s ]
SQL: SELECT * FROM `mss_goods` WHERE ( classid=22 )  [ RunTime:0.000000s ]
SQL: SELECT * FROM `mss_goods` WHERE ( classid=9 )  [ RunTime:0.001000s ]
SQL: SELECT * FROM `mss_goods` WHERE ( classid=24 )  [ RunTime:0.000000s ]
SQL: SELECT * FROM `mss_goods` WHERE ( classid=25 )  [ RunTime:0.001000s ]
INFO: [ view_parse ] --START--
INFO: ParseTemplate Behavior ::run [ RunTime:0.014000s ]
INFO: [ view_parse ] --END-- [ RunTime:0.014000s ]
INFO: [ view_filter ] --START--
INFO: ContentReplace Behavior ::run [ RunTime:0.001000s ]
INFO: TokenBuild Behavior ::run [ RunTime:0.000000s ]
INFO: WriteHtmlCache Behavior ::run [ RunTime:0.001000s ]
INFO: ShowRuntime Behavior ::run [ RunTime:0.000000s ]
INFO: [ view_filter ] --END-- [ RunTime:0.002000s ]
INFO: [ view_end ] --START--
INFO: ShowPageTrace Behavior ::run [ RunTime:0.000000s ]
INFO: [ view_end ] --END-- [ RunTime:0.000000s ]

[ 2017-03-18T00:31:15+08:00 ] 127.0.0.1 /shop/admin.php/Class/upda/id/24
INFO: [ route_check ] --START--
INFO: CheckRoute Behavior ::run [ RunTime:0.001000s ]
INFO: [ route_check ] --END-- [ RunTime:0.001000s ]
INFO: [ app_begin ] --START--
INFO: ReadHtmlCache Behavior ::run [ RunTime:0.001000s ]
INFO: [ app_begin ] --END-- [ RunTime:0.001000s ]
SQL: SHOW COLUMNS FROM `mss_goods_category` [ RunTime:0.016000s ]
SQL: SELECT * FROM `mss_goods_category` WHERE ( `id` = 24 ) LIMIT 1   [ RunTime:0.001000s ]
SQL: SELECT * FROM `mss_goods_category` ORDER BY concat(path,',',id)  [ RunTime:0.001000s ]
INFO: [ view_parse ] --START--
INFO: ParseTemplate Behavior ::run [ RunTime:0.016000s ]
INFO: [ view_parse ] --END-- [ RunTime:0.016000s ]
INFO: [ view_filter ] --START--
INFO: ContentReplace Behavior ::run [ RunTime:0.000000s ]
INFO: TokenBuild Behavior ::run [ RunTime:0.001000s ]
INFO: WriteHtmlCache Behavior ::run [ RunTime:0.000000s ]
INFO: ShowRuntime Behavior ::run [ RunTime:0.001000s ]
INFO: [ view_filter ] --END-- [ RunTime:0.002000s ]
INFO: [ view_end ] --START--
INFO: ShowPageTrace Behavior ::run [ RunTime:0.001000s ]
INFO: [ view_end ] --END-- [ RunTime:0.001000s ]

[ 2017-03-18T00:31:19+08:00 ] 127.0.0.1 /shop/admin.php/Class/update/id/24
INFO: [ route_check ] --START--
INFO: CheckRoute Behavior ::run [ RunTime:0.001000s ]
INFO: [ route_check ] --END-- [ RunTime:0.001000s ]
INFO: [ app_begin ] --START--
INFO: ReadHtmlCache Behavior ::run [ RunTime:0.001000s ]
INFO: [ app_begin ] --END-- [ RunTime:0.001000s ]
SQL: SHOW COLUMNS FROM `mss_admin_log` [ RunTime:0.026000s ]
SQL: INSERT INTO `mss_admin_log` (`userid`,`time`,`loginfo`,`userip`) VALUES (1,1489768279,'管理员admin修改了分类','127.0.0.1') [ RunTime:0.001000s ]
SQL: SHOW COLUMNS FROM `mss_goods_category` [ RunTime:0.009000s ]
SQL: SELECT * FROM `mss_goods_category` WHERE ( `id` = 24 ) LIMIT 1   [ RunTime:0.000000s ]
SQL: SELECT * FROM `mss_goods_category` WHERE ( `id` = 9 ) LIMIT 1   [ RunTime:0.001000s ]
SQL: UPDATE `mss_goods_category` SET `cname`='U社区',`sid`=9,`danwei`='1',`ordernum`=0,`isshow`=1,`description`='',`path`='0,9' WHERE ( id=24 ) [ RunTime:0.000000s ]
INFO: [ view_parse ] --START--
INFO: ParseTemplate Behavior ::run [ RunTime:0.008000s ]
INFO: [ view_parse ] --END-- [ RunTime:0.008000s ]
INFO: [ view_filter ] --START--
INFO: ContentReplace Behavior ::run [ RunTime:0.001000s ]
INFO: TokenBuild Behavior ::run [ RunTime:0.001000s ]
INFO: WriteHtmlCache Behavior ::run [ RunTime:0.000000s ]
INFO: ShowRuntime Behavior ::run [ RunTime:0.001000s ]
INFO: [ view_filter ] --END-- [ RunTime:0.003000s ]
INFO: [ view_end ] --START--
INFO: ShowPageTrace Behavior ::run [ RunTime:0.001000s ]
INFO: [ view_end ] --END-- [ RunTime:0.001000s ]

[ 2017-03-18T00:31:21+08:00 ] 127.0.0.1 /shop/admin.php/Class/lists
INFO: [ route_check ] --START--
INFO: CheckRoute Behavior ::run [ RunTime:0.001000s ]
INFO: [ route_check ] --END-- [ RunTime:0.001000s ]
INFO: [ app_begin ] --START--
INFO: ReadHtmlCache Behavior ::run [ RunTime:0.000000s ]
INFO: [ app_begin ] --END-- [ RunTime:0.000000s ]
SQL: SHOW COLUMNS FROM `mss_admin_log` [ RunTime:0.007000s ]
SQL: INSERT INTO `mss_admin_log` (`userid`,`time`,`loginfo`,`userip`) VALUES (1,1489768281,'管理员admin查看了分类列表','127.0.0.1') [ RunTime:0.001000s ]
SQL: SHOW COLUMNS FROM `mss_goods_category` [ RunTime:0.007000s ]
SQL: SELECT COUNT(*) AS tp_count FROM `mss_goods_category` LIMIT 1   [ RunTime:0.000000s ]
SQL: SELECT * FROM `mss_goods_category` ORDER BY concat(path,',',id) asc,`ordernum` asc  [ RunTime:0.001000s ]
SQL: SHOW COLUMNS FROM `mss_goods` [ RunTime:0.005000s ]
SQL: SELECT * FROM `mss_goods` WHERE ( classid=10 )  [ RunTime:0.000000s ]
SQL: SELECT * FROM `mss_goods` WHERE ( classid=23 )  [ RunTime:0.001000s ]
SQL: SELECT * FROM `mss_goods` WHERE ( classid=11 )  [ RunTime:0.001000s ]
SQL: SELECT * FROM `mss_goods` WHERE ( classid=17 )  [ RunTime:0.000000s ]
SQL: SELECT * FROM `mss_goods` WHERE ( classid=22 )  [ RunTime:0.000000s ]
SQL: SELECT * FROM `mss_goods` WHERE ( classid=9 )  [ RunTime:0.001000s ]
SQL: SELECT * FROM `mss_goods` WHERE ( classid=24 )  [ RunTime:0.000000s ]
SQL: SELECT * FROM `mss_goods` WHERE ( classid=25 )  [ RunTime:0.000000s ]
INFO: [ view_parse ] --START--
INFO: ParseTemplate Behavior ::run [ RunTime:0.006000s ]
INFO: [ view_parse ] --END-- [ RunTime:0.007000s ]
INFO: [ view_filter ] --START--
INFO: ContentReplace Behavior ::run [ RunTime:0.000000s ]
INFO: TokenBuild Behavior ::run [ RunTime:0.000000s ]
INFO: WriteHtmlCache Behavior ::run [ RunTime:0.000000s ]
INFO: ShowRuntime Behavior ::run [ RunTime:0.001000s ]
INFO: [ view_filter ] --END-- [ RunTime:0.001000s ]
INFO: [ view_end ] --START--
INFO: ShowPageTrace Behavior ::run [ RunTime:0.001000s ]
INFO: [ view_end ] --END-- [ RunTime:0.001000s ]

[ 2017-03-18T00:31:25+08:00 ] 127.0.0.1 /shop/admin.php/Class/upda/id/25
INFO: [ route_check ] --START--
INFO: CheckRoute Behavior ::run [ RunTime:0.001000s ]
INFO: [ route_check ] --END-- [ RunTime:0.001000s ]
INFO: [ app_begin ] --START--
INFO: ReadHtmlCache Behavior ::run [ RunTime:0.001000s ]
INFO: [ app_begin ] --END-- [ RunTime:0.001000s ]
SQL: SHOW COLUMNS FROM `mss_goods_category` [ RunTime:0.012000s ]
SQL: SELECT * FROM `mss_goods_category` WHERE ( `id` = 25 ) LIMIT 1   [ RunTime:0.001000s ]
SQL: SELECT * FROM `mss_goods_category` ORDER BY concat(path,',',id)  [ RunTime:0.001000s ]
INFO: [ view_parse ] --START--
INFO: ParseTemplate Behavior ::run [ RunTime:0.017000s ]
INFO: [ view_parse ] --END-- [ RunTime:0.017000s ]
INFO: [ view_filter ] --START--
INFO: ContentReplace Behavior ::run [ RunTime:0.000000s ]
INFO: TokenBuild Behavior ::run [ RunTime:0.001000s ]
INFO: WriteHtmlCache Behavior ::run [ RunTime:0.000000s ]
INFO: ShowRuntime Behavior ::run [ RunTime:0.000000s ]
INFO: [ view_filter ] --END-- [ RunTime:0.001000s ]
INFO: [ view_end ] --START--
INFO: ShowPageTrace Behavior ::run [ RunTime:0.000000s ]
INFO: [ view_end ] --END-- [ RunTime:0.000000s ]

[ 2017-03-18T00:31:32+08:00 ] 127.0.0.1 /shop/admin.php/Class/update/id/25
INFO: [ route_check ] --START--
INFO: CheckRoute Behavior ::run [ RunTime:0.001000s ]
INFO: [ route_check ] --END-- [ RunTime:0.001000s ]
INFO: [ app_begin ] --START--
INFO: ReadHtmlCache Behavior ::run [ RunTime:0.001000s ]
INFO: [ app_begin ] --END-- [ RunTime:0.001000s ]
SQL: SHOW COLUMNS FROM `mss_admin_log` [ RunTime:0.014000s ]
SQL: INSERT INTO `mss_admin_log` (`userid`,`time`,`loginfo`,`userip`) VALUES (1,1489768292,'管理员admin修改了分类','127.0.0.1') [ RunTime:0.001000s ]
SQL: SHOW COLUMNS FROM `mss_goods_category` [ RunTime:0.014000s ]
SQL: SELECT * FROM `mss_goods_category` WHERE ( `id` = 25 ) LIMIT 1   [ RunTime:0.001000s ]
SQL: SELECT * FROM `mss_goods_category` WHERE ( `id` = 9 ) LIMIT 1   [ RunTime:0.001000s ]
SQL: UPDATE `mss_goods_category` SET `cname`='二手交易',`sid`=9,`danwei`='1',`ordernum`=1,`isshow`=1,`description`='',`path`='0,9' WHERE ( id=25 ) [ RunTime:0.001000s ]
INFO: [ view_parse ] --START--
INFO: ParseTemplate Behavior ::run [ RunTime:0.011000s ]
INFO: [ view_parse ] --END-- [ RunTime:0.012000s ]
INFO: [ view_filter ] --START--
INFO: ContentReplace Behavior ::run [ RunTime:0.001000s ]
INFO: TokenBuild Behavior ::run [ RunTime:0.000000s ]
INFO: WriteHtmlCache Behavior ::run [ RunTime:0.000000s ]
INFO: ShowRuntime Behavior ::run [ RunTime:0.000000s ]
INFO: [ view_filter ] --END-- [ RunTime:0.002000s ]
INFO: [ view_end ] --START--
INFO: ShowPageTrace Behavior ::run [ RunTime:0.001000s ]
INFO: [ view_end ] --END-- [ RunTime:0.001000s ]

[ 2017-03-18T00:31:34+08:00 ] 127.0.0.1 /shop/admin.php/Class/lists
INFO: [ route_check ] --START--
INFO: CheckRoute Behavior ::run [ RunTime:0.001000s ]
INFO: [ route_check ] --END-- [ RunTime:0.001000s ]
INFO: [ app_begin ] --START--
INFO: ReadHtmlCache Behavior ::run [ RunTime:0.000000s ]
INFO: [ app_begin ] --END-- [ RunTime:0.000000s ]
SQL: SHOW COLUMNS FROM `mss_admin_log` [ RunTime:0.005000s ]
SQL: INSERT INTO `mss_admin_log` (`userid`,`time`,`loginfo`,`userip`) VALUES (1,1489768294,'管理员admin查看了分类列表','127.0.0.1') [ RunTime:0.000000s ]
SQL: SHOW COLUMNS FROM `mss_goods_category` [ RunTime:0.005000s ]
SQL: SELECT COUNT(*) AS tp_count FROM `mss_goods_category` LIMIT 1   [ RunTime:0.001000s ]
SQL: SELECT * FROM `mss_goods_category` ORDER BY concat(path,',',id) asc,`ordernum` asc  [ RunTime:0.001000s ]
SQL: SHOW COLUMNS FROM `mss_goods` [ RunTime:0.004000s ]
SQL: SELECT * FROM `mss_goods` WHERE ( classid=10 )  [ RunTime:0.000000s ]
SQL: SELECT * FROM `mss_goods` WHERE ( classid=23 )  [ RunTime:0.000000s ]
SQL: SELECT * FROM `mss_goods` WHERE ( classid=11 )  [ RunTime:0.001000s ]
SQL: SELECT * FROM `mss_goods` WHERE ( classid=17 )  [ RunTime:0.000000s ]
SQL: SELECT * FROM `mss_goods` WHERE ( classid=22 )  [ RunTime:0.001000s ]
SQL: SELECT * FROM `mss_goods` WHERE ( classid=9 )  [ RunTime:0.000000s ]
SQL: SELECT * FROM `mss_goods` WHERE ( classid=24 )  [ RunTime:0.000000s ]
SQL: SELECT * FROM `mss_goods` WHERE ( classid=25 )  [ RunTime:0.001000s ]
INFO: [ view_parse ] --START--
INFO: ParseTemplate Behavior ::run [ RunTime:0.008000s ]
INFO: [ view_parse ] --END-- [ RunTime:0.008000s ]
INFO: [ view_filter ] --START--
INFO: ContentReplace Behavior ::run [ RunTime:0.000000s ]
INFO: TokenBuild Behavior ::run [ RunTime:0.000000s ]
INFO: WriteHtmlCache Behavior ::run [ RunTime:0.000000s ]
INFO: ShowRuntime Behavior ::run [ RunTime:0.000000s ]
INFO: [ view_filter ] --END-- [ RunTime:0.001000s ]
INFO: [ view_end ] --START--
INFO: ShowPageTrace Behavior ::run [ RunTime:0.001000s ]
INFO: [ view_end ] --END-- [ RunTime:0.001000s ]

[ 2017-03-18T00:32:18+08:00 ] 127.0.0.1 /shop/admin.php/Goods/lists
INFO: [ route_check ] --START--
INFO: CheckRoute Behavior ::run [ RunTime:0.001000s ]
INFO: [ route_check ] --END-- [ RunTime:0.002000s ]
INFO: [ app_begin ] --START--
INFO: ReadHtmlCache Behavior ::run [ RunTime:0.001000s ]
INFO: [ app_begin ] --END-- [ RunTime:0.001000s ]
SQL: SHOW COLUMNS FROM `mss_admin_log` [ RunTime:0.016000s ]
SQL: INSERT INTO `mss_admin_log` (`userid`,`time`,`loginfo`,`userip`) VALUES (1,1489768338,'管理员admin查看了商品列表','127.0.0.1') [ RunTime:0.001000s ]
SQL: SHOW COLUMNS FROM `mss_goods` [ RunTime:0.016000s ]
SQL: SELECT COUNT(*) AS tp_count FROM `mss_goods` LIMIT 1   [ RunTime:0.000000s ]
SQL: SELECT * FROM `mss_goods` WHERE ( huishou!=1 ) ORDER BY selltime desc, id  [ RunTime:0.001000s ]
INFO: [ view_parse ] --START--
INFO: ParseTemplate Behavior ::run [ RunTime:0.032000s ]
INFO: [ view_parse ] --END-- [ RunTime:0.032000s ]
INFO: [ view_filter ] --START--
INFO: ContentReplace Behavior ::run [ RunTime:0.001000s ]
INFO: TokenBuild Behavior ::run [ RunTime:0.001000s ]
INFO: WriteHtmlCache Behavior ::run [ RunTime:0.000000s ]
INFO: ShowRuntime Behavior ::run [ RunTime:0.000000s ]
INFO: [ view_filter ] --END-- [ RunTime:0.002000s ]
INFO: [ view_end ] --START--
INFO: ShowPageTrace Behavior ::run [ RunTime:0.001000s ]
INFO: [ view_end ] --END-- [ RunTime:0.001000s ]

[ 2017-03-18T00:32:26+08:00 ] 127.0.0.1 /shop/admin.php/Goods/upda/id/58
INFO: [ route_check ] --START--
INFO: CheckRoute Behavior ::run [ RunTime:0.001000s ]
INFO: [ route_check ] --END-- [ RunTime:0.001000s ]
INFO: [ app_begin ] --START--
INFO: ReadHtmlCache Behavior ::run [ RunTime:0.000000s ]
INFO: [ app_begin ] --END-- [ RunTime:0.000000s ]
SQL: SHOW COLUMNS FROM `mss_goods` [ RunTime:0.012000s ]
SQL: SELECT * FROM `mss_goods` WHERE ( `id` = 58 ) LIMIT 1   [ RunTime:0.000000s ]
SQL: SHOW COLUMNS FROM `mss_goods_category` [ RunTime:0.011000s ]
SQL: SELECT * FROM `mss_goods_category` ORDER BY concat(path,',',id)  [ RunTime:0.001000s ]
SQL: SHOW COLUMNS FROM `mss_goods_type` [ RunTime:0.009000s ]
ERR: 1146:Table 'shop.mss_goods_type' doesn't exist
 [ SQL语句 ] : SHOW COLUMNS FROM `mss_goods_type`
SQL: SHOW COLUMNS FROM `mss_goods_vtype` [ RunTime:0.004000s ]
ERR: 1146:Table 'shop.mss_goods_vtype' doesn't exist
 [ SQL语句 ] : SHOW COLUMNS FROM `mss_goods_vtype`
SQL: SELECT * FROM `mss_goods_type`  [ RunTime:0.000000s ]
ERR: 1146:Table 'shop.mss_goods_type' doesn't exist
 [ SQL语句 ] : SELECT * FROM `mss_goods_type` 
NOTIC: [2] Invalid argument supplied for foreach() E:\phpStudy\WWW\shop\Admin\Lib\Action\GoodsAction.class.php 第 295 行.
INFO: [ view_parse ] --START--
NOTIC: [2] file_get_contents(./Admin/Tpl/Index/sider.html) [<a href='function.file-get-contents'>function.file-get-contents</a>]: failed to open stream: No such file or directory E:\phpStudy\WWW\shop\ThinkPHP\Lib\Template\ThinkTemplate.class.php 第 695 行.
INFO: ParseTemplate Behavior ::run [ RunTime:0.038000s ]
INFO: [ view_parse ] --END-- [ RunTime:0.038000s ]
INFO: [ view_filter ] --START--
INFO: ContentReplace Behavior ::run [ RunTime:0.000000s ]
INFO: TokenBuild Behavior ::run [ RunTime:0.000000s ]
INFO: WriteHtmlCache Behavior ::run [ RunTime:0.001000s ]
INFO: ShowRuntime Behavior ::run [ RunTime:0.000000s ]
INFO: [ view_filter ] --END-- [ RunTime:0.002000s ]
INFO: [ view_end ] --START--
INFO: ShowPageTrace Behavior ::run [ RunTime:0.001000s ]
INFO: [ view_end ] --END-- [ RunTime:0.001000s ]

[ 2017-03-18T00:34:25+08:00 ] 127.0.0.1 /shop/admin.php/Goods/update/id/58
INFO: [ route_check ] --START--
INFO: CheckRoute Behavior ::run [ RunTime:0.001000s ]
INFO: [ route_check ] --END-- [ RunTime:0.001000s ]
INFO: [ app_begin ] --START--
INFO: ReadHtmlCache Behavior ::run [ RunTime:0.001000s ]
INFO: [ app_begin ] --END-- [ RunTime:0.001000s ]
SQL: SHOW COLUMNS FROM `mss_admin_log` [ RunTime:0.015000s ]
SQL: INSERT INTO `mss_admin_log` (`userid`,`time`,`loginfo`,`userip`) VALUES (1,1489768465,'管理员admin修改了商品','127.0.0.1') [ RunTime:0.000000s ]
SQL: SHOW COLUMNS FROM `mss_goods_vtype` [ RunTime:0.005000s ]
ERR: 1146:Table 'shop.mss_goods_vtype' doesn't exist
 [ SQL语句 ] : SHOW COLUMNS FROM `mss_goods_vtype`
NOTIC: [8] Undefined index: gtype E:\phpStudy\WWW\shop\Admin\Lib\Action\GoodsAction.class.php 第 341 行.
NOTIC: [2] implode() [<a href='function.implode'>function.implode</a>]: Invalid arguments passed E:\phpStudy\WWW\shop\Admin\Lib\Action\GoodsAction.class.php 第 341 行.
NOTIC: [2] implode() [<a href='function.implode'>function.implode</a>]: Invalid arguments passed E:\phpStudy\WWW\shop\ThinkPHP\Lib\Core\Db.class.php 第 497 行.
SQL: SELECT * FROM `mss_goods_vtype` WHERE ( `id` IN () ) AND ( `typeid` = 18 )  [ RunTime:0.000000s ]
ERR: 1064:You have an error in your SQL syntax; check the manual that corresponds to your MySQL server version for the right syntax to use near ') ) AND ( `typeid` = 18 )' at line 1
 [ SQL语句 ] : SELECT * FROM `mss_goods_vtype` WHERE ( `id` IN () ) AND ( `typeid` = 18 ) 
NOTIC: [2] Invalid argument supplied for foreach() E:\phpStudy\WWW\shop\Admin\Lib\Action\GoodsAction.class.php 第 350 行.
NOTIC: [8] Undefined variable: arrcolor E:\phpStudy\WWW\shop\Admin\Lib\Action\GoodsAction.class.php 第 353 行.
NOTIC: [2] implode() [<a href='function.implode'>function.implode</a>]: Invalid arguments passed E:\phpStudy\WWW\shop\Admin\Lib\Action\GoodsAction.class.php 第 353 行.
NOTIC: [2] implode() [<a href='function.implode'>function.implode</a>]: Invalid arguments passed E:\phpStudy\WWW\shop\ThinkPHP\Lib\Core\Db.class.php 第 497 行.
SQL: SELECT * FROM `mss_goods_vtype` WHERE ( `id` IN () ) AND ( `typeid` = 19 )  [ RunTime:0.000000s ]
ERR: 1064:You have an error in your SQL syntax; check the manual that corresponds to your MySQL server version for the right syntax to use near ') ) AND ( `typeid` = 19 )' at line 1
 [ SQL语句 ] : SELECT * FROM `mss_goods_vtype` WHERE ( `id` IN () ) AND ( `typeid` = 19 ) 
NOTIC: [2] Invalid argument supplied for foreach() E:\phpStudy\WWW\shop\Admin\Lib\Action\GoodsAction.class.php 第 359 行.
NOTIC: [8] Undefined variable: arrsize E:\phpStudy\WWW\shop\Admin\Lib\Action\GoodsAction.class.php 第 363 行.
NOTIC: [2] implode() [<a href='function.implode'>function.implode</a>]: Invalid arguments passed E:\phpStudy\WWW\shop\Admin\Lib\Action\GoodsAction.class.php 第 363 行.
NOTIC: [2048] Creating default object from empty value E:\phpStudy\WWW\shop\Admin\Lib\Action\GoodsAction.class.php 第 368 行.
SQL: SHOW COLUMNS FROM `mss_goods` [ RunTime:0.004000s ]
SQL: UPDATE `mss_goods` SET `gname`='二手房出租',`gtotal`=1,`gnum`='1200',`price`='1500',`mprice`='1000',`classid`=11,`issell`=1,`gdescription`='<p class=\"mb15\" style=\"margin-top: 0px; margin-bottom: 15px; padding: 0px; border: none; line-height: 24px; color: rgb(74, 74, 74); font-family: &quot;Microsoft YaHei&quot;, &quot;Hiragino Sans GB&quot;, STHeiti, SimSun, Arial; font-size: 14px; white-space: normal;\"><span style=\"font-weight: 700; color: rgb(51, 51, 51);\">房源亮点：</span>房子在四楼，里面户型方正，采光通风效果好，地段也是非常方便，公交车班次很多，交通方便，朝向也好，采光足。</p><p class=\"mb15\" style=\"margin-top: 0px; margin-bottom: 15px; padding: 0px; border: none; line-height: 24px; color: rgb(74, 74, 74); font-family: &quot;Microsoft YaHei&quot;, &quot;Hiragino Sans GB&quot;, STHeiti, SimSun, Arial; font-size: 14px; white-space: normal;\"><span style=\"font-weight: 700; color: rgb(51, 51, 51);\">户型简介：</span>户型方正，采光好，通风足，家私电器都非常齐全。</p><p class=\"mb15\" style=\"margin-top: 0px; margin-bottom: 15px; padding: 0px; border: none; line-height: 24px; color: rgb(74, 74, 74); font-family: &quot;Microsoft YaHei&quot;, &quot;Hiragino Sans GB&quot;, STHeiti, SimSun, Arial; font-size: 14px; white-space: normal;\"><span style=\"font-weight: 700; color: rgb(51, 51, 51);\">装修描述：</span>房子以前是业主自住的，保养的都非常不错。</p><p class=\"mb15\" style=\"margin-top: 0px; margin-bottom: 15px; padding: 0px; border: none; line-height: 24px; color: rgb(74, 74, 74); font-family: &quot;Microsoft YaHei&quot;, &quot;Hiragino Sans GB&quot;, STHeiti, SimSun, Arial; font-size: 14px; white-space: normal;\"><span style=\"font-weight: 700; color: rgb(51, 51, 51);\">周边配套：</span>就近配套齐全，有大信新都汇，大润发，各种大型商场中心，幼儿园，小学，中学，各大银行，衣食住行都非常方便。</p><p class=\"mb15\" style=\"margin-top: 0px; margin-bottom: 15px; padding: 0px; border: none; line-height: 24px; color: rgb(74, 74, 74); font-family: &quot;Microsoft YaHei&quot;, &quot;Hiragino Sans GB&quot;, STHeiti, SimSun, Arial; font-size: 14px; white-space: normal;\"><span style=\"font-weight: 700; color: rgb(51, 51, 51);\">小区介绍：</span>小区位于中山繁华地段，市中心，商业中心，小区环境优美，闹中带静，入住率达到高，楼下就有美食一条街，出门就有公交站，出行非常方便。</p><p><br/></p>',`gtype`=null,`color`=null,`size`=null,`pic`='58cc10116ede4.jpg' WHERE ( id=58 ) [ RunTime:0.032000s ]
INFO: [ view_parse ] --START--
INFO: ParseTemplate Behavior ::run [ RunTime:0.005000s ]
INFO: [ view_parse ] --END-- [ RunTime:0.005000s ]
INFO: [ view_filter ] --START--
INFO: ContentReplace Behavior ::run [ RunTime:0.001000s ]
INFO: TokenBuild Behavior ::run [ RunTime:0.000000s ]
INFO: WriteHtmlCache Behavior ::run [ RunTime:0.000000s ]
INFO: ShowRuntime Behavior ::run [ RunTime:0.001000s ]
INFO: [ view_filter ] --END-- [ RunTime:0.002000s ]
INFO: [ view_end ] --START--
INFO: ShowPageTrace Behavior ::run [ RunTime:0.000000s ]
INFO: [ view_end ] --END-- [ RunTime:0.000000s ]

[ 2017-03-18T00:34:27+08:00 ] 127.0.0.1 /shop/admin.php/Goods/lists
INFO: [ route_check ] --START--
INFO: CheckRoute Behavior ::run [ RunTime:0.001000s ]
INFO: [ route_check ] --END-- [ RunTime:0.002000s ]
INFO: [ app_begin ] --START--
INFO: ReadHtmlCache Behavior ::run [ RunTime:0.001000s ]
INFO: [ app_begin ] --END-- [ RunTime:0.001000s ]
SQL: SHOW COLUMNS FROM `mss_admin_log` [ RunTime:0.013000s ]
SQL: INSERT INTO `mss_admin_log` (`userid`,`time`,`loginfo`,`userip`) VALUES (1,1489768467,'管理员admin查看了商品列表','127.0.0.1') [ RunTime:0.000000s ]
SQL: SHOW COLUMNS FROM `mss_goods` [ RunTime:0.009000s ]
SQL: SELECT COUNT(*) AS tp_count FROM `mss_goods` LIMIT 1   [ RunTime:0.000000s ]
SQL: SELECT * FROM `mss_goods` WHERE ( huishou!=1 ) ORDER BY selltime desc, id  [ RunTime:0.000000s ]
INFO: [ view_parse ] --START--
INFO: ParseTemplate Behavior ::run [ RunTime:0.013000s ]
INFO: [ view_parse ] --END-- [ RunTime:0.013000s ]
INFO: [ view_filter ] --START--
INFO: ContentReplace Behavior ::run [ RunTime:0.001000s ]
INFO: TokenBuild Behavior ::run [ RunTime:0.000000s ]
INFO: WriteHtmlCache Behavior ::run [ RunTime:0.001000s ]
INFO: ShowRuntime Behavior ::run [ RunTime:0.001000s ]
INFO: [ view_filter ] --END-- [ RunTime:0.003000s ]
INFO: [ view_end ] --START--
INFO: ShowPageTrace Behavior ::run [ RunTime:0.002000s ]
INFO: [ view_end ] --END-- [ RunTime:0.002000s ]

[ 2017-03-18T00:35:03+08:00 ] 127.0.0.1 /shop/admin.php/Goods/upda/id/52
INFO: [ route_check ] --START--
INFO: CheckRoute Behavior ::run [ RunTime:0.001000s ]
INFO: [ route_check ] --END-- [ RunTime:0.001000s ]
INFO: [ app_begin ] --START--
INFO: ReadHtmlCache Behavior ::run [ RunTime:0.001000s ]
INFO: [ app_begin ] --END-- [ RunTime:0.001000s ]
SQL: SHOW COLUMNS FROM `mss_goods` [ RunTime:0.003000s ]
SQL: SELECT * FROM `mss_goods` WHERE ( `id` = 52 ) LIMIT 1   [ RunTime:0.000000s ]
SQL: SHOW COLUMNS FROM `mss_goods_category` [ RunTime:0.004000s ]
SQL: SELECT * FROM `mss_goods_category` ORDER BY concat(path,',',id)  [ RunTime:0.000000s ]
SQL: SHOW COLUMNS FROM `mss_goods_type` [ RunTime:0.004000s ]
ERR: 1146:Table 'shop.mss_goods_type' doesn't exist
 [ SQL语句 ] : SHOW COLUMNS FROM `mss_goods_type`
SQL: SHOW COLUMNS FROM `mss_goods_vtype` [ RunTime:0.004000s ]
ERR: 1146:Table 'shop.mss_goods_vtype' doesn't exist
 [ SQL语句 ] : SHOW COLUMNS FROM `mss_goods_vtype`
SQL: SELECT * FROM `mss_goods_type`  [ RunTime:0.000000s ]
ERR: 1146:Table 'shop.mss_goods_type' doesn't exist
 [ SQL语句 ] : SELECT * FROM `mss_goods_type` 
NOTIC: [2] Invalid argument supplied for foreach() E:\phpStudy\WWW\shop\Admin\Lib\Action\GoodsAction.class.php 第 295 行.
INFO: [ view_parse ] --START--
NOTIC: [2] file_get_contents(./Admin/Tpl/Index/sider.html) [<a href='function.file-get-contents'>function.file-get-contents</a>]: failed to open stream: No such file or directory E:\phpStudy\WWW\shop\ThinkPHP\Lib\Template\ThinkTemplate.class.php 第 695 行.
INFO: ParseTemplate Behavior ::run [ RunTime:0.007000s ]
INFO: [ view_parse ] --END-- [ RunTime:0.007000s ]
INFO: [ view_filter ] --START--
INFO: ContentReplace Behavior ::run [ RunTime:0.000000s ]
INFO: TokenBuild Behavior ::run [ RunTime:0.001000s ]
INFO: WriteHtmlCache Behavior ::run [ RunTime:0.000000s ]
INFO: ShowRuntime Behavior ::run [ RunTime:0.000000s ]
INFO: [ view_filter ] --END-- [ RunTime:0.001000s ]
INFO: [ view_end ] --START--
INFO: ShowPageTrace Behavior ::run [ RunTime:0.000000s ]
INFO: [ view_end ] --END-- [ RunTime:0.000000s ]

[ 2017-03-18T00:36:50+08:00 ] 127.0.0.1 /shop/admin.php/Goods/update/id/52
INFO: [ route_check ] --START--
INFO: CheckRoute Behavior ::run [ RunTime:0.001000s ]
INFO: [ route_check ] --END-- [ RunTime:0.001000s ]
INFO: [ app_begin ] --START--
INFO: ReadHtmlCache Behavior ::run [ RunTime:0.001000s ]
INFO: [ app_begin ] --END-- [ RunTime:0.001000s ]
SQL: SHOW COLUMNS FROM `mss_admin_log` [ RunTime:0.008000s ]
SQL: INSERT INTO `mss_admin_log` (`userid`,`time`,`loginfo`,`userip`) VALUES (1,1489768610,'管理员admin修改了商品','127.0.0.1') [ RunTime:0.000000s ]
SQL: SHOW COLUMNS FROM `mss_goods_vtype` [ RunTime:0.006000s ]
ERR: 1146:Table 'shop.mss_goods_vtype' doesn't exist
 [ SQL语句 ] : SHOW COLUMNS FROM `mss_goods_vtype`
NOTIC: [8] Undefined index: gtype E:\phpStudy\WWW\shop\Admin\Lib\Action\GoodsAction.class.php 第 341 行.
NOTIC: [2] implode() [<a href='function.implode'>function.implode</a>]: Invalid arguments passed E:\phpStudy\WWW\shop\Admin\Lib\Action\GoodsAction.class.php 第 341 行.
NOTIC: [2] implode() [<a href='function.implode'>function.implode</a>]: Invalid arguments passed E:\phpStudy\WWW\shop\ThinkPHP\Lib\Core\Db.class.php 第 497 行.
SQL: SELECT * FROM `mss_goods_vtype` WHERE ( `id` IN () ) AND ( `typeid` = 18 )  [ RunTime:0.000000s ]
ERR: 1064:You have an error in your SQL syntax; check the manual that corresponds to your MySQL server version for the right syntax to use near ') ) AND ( `typeid` = 18 )' at line 1
 [ SQL语句 ] : SELECT * FROM `mss_goods_vtype` WHERE ( `id` IN () ) AND ( `typeid` = 18 ) 
NOTIC: [2] Invalid argument supplied for foreach() E:\phpStudy\WWW\shop\Admin\Lib\Action\GoodsAction.class.php 第 350 行.
NOTIC: [8] Undefined variable: arrcolor E:\phpStudy\WWW\shop\Admin\Lib\Action\GoodsAction.class.php 第 353 行.
NOTIC: [2] implode() [<a href='function.implode'>function.implode</a>]: Invalid arguments passed E:\phpStudy\WWW\shop\Admin\Lib\Action\GoodsAction.class.php 第 353 行.
NOTIC: [2] implode() [<a href='function.implode'>function.implode</a>]: Invalid arguments passed E:\phpStudy\WWW\shop\ThinkPHP\Lib\Core\Db.class.php 第 497 行.
SQL: SELECT * FROM `mss_goods_vtype` WHERE ( `id` IN () ) AND ( `typeid` = 19 )  [ RunTime:0.000000s ]
ERR: 1064:You have an error in your SQL syntax; check the manual that corresponds to your MySQL server version for the right syntax to use near ') ) AND ( `typeid` = 19 )' at line 1
 [ SQL语句 ] : SELECT * FROM `mss_goods_vtype` WHERE ( `id` IN () ) AND ( `typeid` = 19 ) 
NOTIC: [2] Invalid argument supplied for foreach() E:\phpStudy\WWW\shop\Admin\Lib\Action\GoodsAction.class.php 第 359 行.
NOTIC: [8] Undefined variable: arrsize E:\phpStudy\WWW\shop\Admin\Lib\Action\GoodsAction.class.php 第 363 行.
NOTIC: [2] implode() [<a href='function.implode'>function.implode</a>]: Invalid arguments passed E:\phpStudy\WWW\shop\Admin\Lib\Action\GoodsAction.class.php 第 363 行.
NOTIC: [2048] Creating default object from empty value E:\phpStudy\WWW\shop\Admin\Lib\Action\GoodsAction.class.php 第 368 行.
SQL: SHOW COLUMNS FROM `mss_goods` [ RunTime:0.008000s ]
SQL: UPDATE `mss_goods` SET `gname`='儿童护理',`gtotal`=1,`gnum`='12451',`price`='999.99',`mprice`='200',`classid`=10,`issell`=1,`gdescription`='<ul style=\"margin-top: 50px; margin-bottom: 0px; margin-left: 0px; list-style: none; overflow: hidden; font-family: 微软雅黑, Arial; font-size: 14px; white-space: normal;\"><li style=\"padding: 0px; margin: 0px 0px 25px; list-style: none;\"><div class=\"cont\" style=\"padding: 0px 0px 0px 70px; margin: 0px 0px 0px 100px; background: url(&quot;../images/cont_01.png&quot;) left top no-repeat; float: left;\"><p style=\"margin-top: 0px; margin-bottom: 0px; padding: 0px; font-size: 12px; line-height: 20px;\">1、婴儿喂养、添加辅食、营养合理搭配</p><p style=\"margin-top: 0px; margin-bottom: 0px; padding: 0px; font-size: 12px; line-height: 20px;\">2、口腔护理、臀部护理、尿布疹的预防及护理</p><p style=\"margin-top: 0px; margin-bottom: 0px; padding: 0px; font-size: 12px; line-height: 20px;\">3、婴儿衣服、奶具、餐具、玩具的清洗消毒</p><p style=\"margin-top: 0px; margin-bottom: 0px; padding: 0px; font-size: 12px; line-height: 20px;\">4、婴儿房间的整理保洁</p></div><div class=\"clear\" style=\"padding: 0px; margin: 0px; clear: both; height: 0px; overflow: hidden;\"></div></li><li style=\"padding: 0px; margin: 0px 0px 25px; list-style: none;\"><div class=\"cont\" style=\"padding: 0px 0px 0px 70px; margin: 0px 0px 0px 100px; background: url(&quot;../images/cont_01.png&quot;) left top no-repeat; float: left;\"><p style=\"margin-top: 0px; margin-bottom: 0px; padding: 0px; font-size: 12px; line-height: 20px;\">5、婴儿沐浴、抚触</p><p style=\"margin-top: 0px; margin-bottom: 0px; padding: 0px; font-size: 12px; line-height: 20px;\">6、疾病预防及护理</p><p style=\"margin-top: 0px; margin-bottom: 0px; padding: 0px; font-size: 12px; line-height: 20px;\">7、根据不同月龄的婴儿做被动操</p><p style=\"margin-top: 0px; margin-bottom: 0px; padding: 0px; font-size: 12px; line-height: 20px;\">8、培养婴儿运动能力，选择适合的时间进行户外活动、晒太阳</p></div><div class=\"clear\" style=\"padding: 0px; margin: 0px; clear: both; height: 0px; overflow: hidden;\"></div></li><li style=\"padding: 0px; margin: 0px 0px 25px; list-style: none;\"><div class=\"cont\" style=\"padding: 0px 0px 0px 70px; margin: 0px 0px 0px 100px; background: url(&quot;../images/cont_01.png&quot;) left top no-repeat; float: left;\"><p style=\"margin-top: 0px; margin-bottom: 0px; padding: 0px; font-size: 12px; line-height: 20px;\">9、分清婴儿发出不同哭闹的含义，症状的观察</p><p style=\"margin-top: 0px; margin-bottom: 0px; padding: 0px; font-size: 12px; line-height: 20px;\">10、培养婴儿良好的饮食，睡眠生活习惯及大小便规律的培养</p><p style=\"margin-top: 0px; margin-bottom: 0px; padding: 0px; font-size: 12px; line-height: 20px;\">11、培养婴儿良好的习惯</p></div><div class=\"clear\" style=\"padding: 0px; margin: 0px; clear: both; height: 0px; overflow: hidden;\"></div></li><li style=\"padding: 0px; margin: 0px 0px 25px; list-style: none;\"><div class=\"cont\" style=\"padding: 0px 0px 0px 70px; margin: 0px 0px 0px 100px; background: url(&quot;../images/cont_01.png&quot;) left top no-repeat; float: left;\"><p style=\"margin-top: 0px; margin-bottom: 0px; padding: 0px; font-size: 12px; line-height: 20px;\">12、培养婴儿语言表达能力，根据婴儿的实际情况，选择科学而合适<br/>&nbsp;&nbsp;&nbsp;&nbsp;&nbsp;&nbsp;&nbsp;的时间听音乐、读儿歌、讲故事等</p><p style=\"margin-top: 0px; margin-bottom: 0px; padding: 0px; font-size: 12px; line-height: 20px;\">13、感观能力的培养及传统美德的培养，科学的对婴儿进行早期教育</p></div></li></ul><p><br/></p>',`gtype`=null,`color`=null,`size`=null,`pic`='58cc10a27705d.jpg' WHERE ( id=52 ) [ RunTime:0.000000s ]
INFO: [ view_parse ] --START--
INFO: ParseTemplate Behavior ::run [ RunTime:0.006000s ]
INFO: [ view_parse ] --END-- [ RunTime:0.007000s ]
INFO: [ view_filter ] --START--
INFO: ContentReplace Behavior ::run [ RunTime:0.001000s ]
INFO: TokenBuild Behavior ::run [ RunTime:0.000000s ]
INFO: WriteHtmlCache Behavior ::run [ RunTime:0.001000s ]
INFO: ShowRuntime Behavior ::run [ RunTime:0.000000s ]
INFO: [ view_filter ] --END-- [ RunTime:0.002000s ]
INFO: [ view_end ] --START--
INFO: ShowPageTrace Behavior ::run [ RunTime:0.001000s ]
INFO: [ view_end ] --END-- [ RunTime:0.001000s ]

[ 2017-03-18T00:36:52+08:00 ] 127.0.0.1 /shop/admin.php/Goods/lists
INFO: [ route_check ] --START--
INFO: CheckRoute Behavior ::run [ RunTime:0.000000s ]
INFO: [ route_check ] --END-- [ RunTime:0.000000s ]
INFO: [ app_begin ] --START--
INFO: ReadHtmlCache Behavior ::run [ RunTime:0.000000s ]
INFO: [ app_begin ] --END-- [ RunTime:0.000000s ]
SQL: SHOW COLUMNS FROM `mss_admin_log` [ RunTime:0.012000s ]
SQL: INSERT INTO `mss_admin_log` (`userid`,`time`,`loginfo`,`userip`) VALUES (1,1489768612,'管理员admin查看了商品列表','127.0.0.1') [ RunTime:0.000000s ]
SQL: SHOW COLUMNS FROM `mss_goods` [ RunTime:0.008000s ]
SQL: SELECT COUNT(*) AS tp_count FROM `mss_goods` LIMIT 1   [ RunTime:0.000000s ]
SQL: SELECT * FROM `mss_goods` WHERE ( huishou!=1 ) ORDER BY selltime desc, id  [ RunTime:0.000000s ]
INFO: [ view_parse ] --START--
INFO: ParseTemplate Behavior ::run [ RunTime:0.009000s ]
INFO: [ view_parse ] --END-- [ RunTime:0.009000s ]
INFO: [ view_filter ] --START--
INFO: ContentReplace Behavior ::run [ RunTime:0.000000s ]
INFO: TokenBuild Behavior ::run [ RunTime:0.001000s ]
INFO: WriteHtmlCache Behavior ::run [ RunTime:0.000000s ]
INFO: ShowRuntime Behavior ::run [ RunTime:0.000000s ]
INFO: [ view_filter ] --END-- [ RunTime:0.001000s ]
INFO: [ view_end ] --START--
INFO: ShowPageTrace Behavior ::run [ RunTime:0.001000s ]
INFO: [ view_end ] --END-- [ RunTime:0.001000s ]

[ 2017-03-18T00:37:58+08:00 ] 127.0.0.1 /shop/admin.php/Goods/upda/id/50
INFO: [ route_check ] --START--
INFO: CheckRoute Behavior ::run [ RunTime:0.001000s ]
INFO: [ route_check ] --END-- [ RunTime:0.001000s ]
INFO: [ app_begin ] --START--
INFO: ReadHtmlCache Behavior ::run [ RunTime:0.001000s ]
INFO: [ app_begin ] --END-- [ RunTime:0.001000s ]
SQL: SHOW COLUMNS FROM `mss_goods` [ RunTime:0.018000s ]
SQL: SELECT * FROM `mss_goods` WHERE ( `id` = 50 ) LIMIT 1   [ RunTime:0.001000s ]
SQL: SHOW COLUMNS FROM `mss_goods_category` [ RunTime:0.011000s ]
SQL: SELECT * FROM `mss_goods_category` ORDER BY concat(path,',',id)  [ RunTime:0.001000s ]
SQL: SHOW COLUMNS FROM `mss_goods_type` [ RunTime:0.009000s ]
ERR: 1146:Table 'shop.mss_goods_type' doesn't exist
 [ SQL语句 ] : SHOW COLUMNS FROM `mss_goods_type`
SQL: SHOW COLUMNS FROM `mss_goods_vtype` [ RunTime:0.007000s ]
ERR: 1146:Table 'shop.mss_goods_vtype' doesn't exist
 [ SQL语句 ] : SHOW COLUMNS FROM `mss_goods_vtype`
SQL: SELECT * FROM `mss_goods_type`  [ RunTime:0.000000s ]
ERR: 1146:Table 'shop.mss_goods_type' doesn't exist
 [ SQL语句 ] : SELECT * FROM `mss_goods_type` 
NOTIC: [2] Invalid argument supplied for foreach() E:\phpStudy\WWW\shop\Admin\Lib\Action\GoodsAction.class.php 第 295 行.
INFO: [ view_parse ] --START--
NOTIC: [2] file_get_contents(./Admin/Tpl/Index/sider.html) [<a href='function.file-get-contents'>function.file-get-contents</a>]: failed to open stream: No such file or directory E:\phpStudy\WWW\shop\ThinkPHP\Lib\Template\ThinkTemplate.class.php 第 695 行.
INFO: ParseTemplate Behavior ::run [ RunTime:0.009000s ]
INFO: [ view_parse ] --END-- [ RunTime:0.009000s ]
INFO: [ view_filter ] --START--
INFO: ContentReplace Behavior ::run [ RunTime:0.001000s ]
INFO: TokenBuild Behavior ::run [ RunTime:0.000000s ]
INFO: WriteHtmlCache Behavior ::run [ RunTime:0.001000s ]
INFO: ShowRuntime Behavior ::run [ RunTime:0.000000s ]
INFO: [ view_filter ] --END-- [ RunTime:0.002000s ]
INFO: [ view_end ] --START--
INFO: ShowPageTrace Behavior ::run [ RunTime:0.000000s ]
INFO: [ view_end ] --END-- [ RunTime:0.000000s ]

[ 2017-03-18T00:38:34+08:00 ] 127.0.0.1 /shop/admin.php/Goods/update/id/50
INFO: [ route_check ] --START--
INFO: CheckRoute Behavior ::run [ RunTime:0.000000s ]
INFO: [ route_check ] --END-- [ RunTime:0.000000s ]
INFO: [ app_begin ] --START--
INFO: ReadHtmlCache Behavior ::run [ RunTime:0.000000s ]
INFO: [ app_begin ] --END-- [ RunTime:0.000000s ]
SQL: SHOW COLUMNS FROM `mss_admin_log` [ RunTime:0.017000s ]
SQL: INSERT INTO `mss_admin_log` (`userid`,`time`,`loginfo`,`userip`) VALUES (1,1489768714,'管理员admin修改了商品','127.0.0.1') [ RunTime:0.001000s ]
SQL: SHOW COLUMNS FROM `mss_goods_vtype` [ RunTime:0.006000s ]
ERR: 1146:Table 'shop.mss_goods_vtype' doesn't exist
 [ SQL语句 ] : SHOW COLUMNS FROM `mss_goods_vtype`
NOTIC: [8] Undefined index: gtype E:\phpStudy\WWW\shop\Admin\Lib\Action\GoodsAction.class.php 第 341 行.
NOTIC: [2] implode() [<a href='function.implode'>function.implode</a>]: Invalid arguments passed E:\phpStudy\WWW\shop\Admin\Lib\Action\GoodsAction.class.php 第 341 行.
NOTIC: [2] implode() [<a href='function.implode'>function.implode</a>]: Invalid arguments passed E:\phpStudy\WWW\shop\ThinkPHP\Lib\Core\Db.class.php 第 497 行.
SQL: SELECT * FROM `mss_goods_vtype` WHERE ( `id` IN () ) AND ( `typeid` = 18 )  [ RunTime:0.001000s ]
ERR: 1064:You have an error in your SQL syntax; check the manual that corresponds to your MySQL server version for the right syntax to use near ') ) AND ( `typeid` = 18 )' at line 1
 [ SQL语句 ] : SELECT * FROM `mss_goods_vtype` WHERE ( `id` IN () ) AND ( `typeid` = 18 ) 
NOTIC: [2] Invalid argument supplied for foreach() E:\phpStudy\WWW\shop\Admin\Lib\Action\GoodsAction.class.php 第 350 行.
NOTIC: [8] Undefined variable: arrcolor E:\phpStudy\WWW\shop\Admin\Lib\Action\GoodsAction.class.php 第 353 行.
NOTIC: [2] implode() [<a href='function.implode'>function.implode</a>]: Invalid arguments passed E:\phpStudy\WWW\shop\Admin\Lib\Action\GoodsAction.class.php 第 353 行.
NOTIC: [2] implode() [<a href='function.implode'>function.implode</a>]: Invalid arguments passed E:\phpStudy\WWW\shop\ThinkPHP\Lib\Core\Db.class.php 第 497 行.
SQL: SELECT * FROM `mss_goods_vtype` WHERE ( `id` IN () ) AND ( `typeid` = 19 )  [ RunTime:0.000000s ]
ERR: 1064:You have an error in your SQL syntax; check the manual that corresponds to your MySQL server version for the right syntax to use near ') ) AND ( `typeid` = 19 )' at line 1
 [ SQL语句 ] : SELECT * FROM `mss_goods_vtype` WHERE ( `id` IN () ) AND ( `typeid` = 19 ) 
NOTIC: [2] Invalid argument supplied for foreach() E:\phpStudy\WWW\shop\Admin\Lib\Action\GoodsAction.class.php 第 359 行.
NOTIC: [8] Undefined variable: arrsize E:\phpStudy\WWW\shop\Admin\Lib\Action\GoodsAction.class.php 第 363 行.
NOTIC: [2] implode() [<a href='function.implode'>function.implode</a>]: Invalid arguments passed E:\phpStudy\WWW\shop\Admin\Lib\Action\GoodsAction.class.php 第 363 行.
NOTIC: [2048] Creating default object from empty value E:\phpStudy\WWW\shop\Admin\Lib\Action\GoodsAction.class.php 第 368 行.
SQL: SHOW COLUMNS FROM `mss_goods` [ RunTime:0.008000s ]
SQL: UPDATE `mss_goods` SET `gname`='业务代办',`gtotal`=122,`gnum`='ds333',`price`='100',`mprice`='100',`classid`=24,`issell`=1,`gdescription`='<p>代办各种卡</p>',`gtype`=null,`color`=null,`size`=null,`pic`='58cc110ad9695.jpg' WHERE ( id=50 ) [ RunTime:0.000000s ]
INFO: [ view_parse ] --START--
INFO: ParseTemplate Behavior ::run [ RunTime:0.008000s ]
INFO: [ view_parse ] --END-- [ RunTime:0.008000s ]
INFO: [ view_filter ] --START--
INFO: ContentReplace Behavior ::run [ RunTime:0.001000s ]
INFO: TokenBuild Behavior ::run [ RunTime:0.000000s ]
INFO: WriteHtmlCache Behavior ::run [ RunTime:0.001000s ]
INFO: ShowRuntime Behavior ::run [ RunTime:0.000000s ]
INFO: [ view_filter ] --END-- [ RunTime:0.002000s ]
INFO: [ view_end ] --START--
INFO: ShowPageTrace Behavior ::run [ RunTime:0.001000s ]
INFO: [ view_end ] --END-- [ RunTime:0.001000s ]

[ 2017-03-18T00:38:38+08:00 ] 127.0.0.1 /shop/admin.php/Goods/lists
INFO: [ route_check ] --START--
INFO: CheckRoute Behavior ::run [ RunTime:0.001000s ]
INFO: [ route_check ] --END-- [ RunTime:0.001000s ]
INFO: [ app_begin ] --START--
INFO: ReadHtmlCache Behavior ::run [ RunTime:0.000000s ]
INFO: [ app_begin ] --END-- [ RunTime:0.000000s ]
SQL: SHOW COLUMNS FROM `mss_admin_log` [ RunTime:0.007000s ]
SQL: INSERT INTO `mss_admin_log` (`userid`,`time`,`loginfo`,`userip`) VALUES (1,1489768718,'管理员admin查看了商品列表','127.0.0.1') [ RunTime:0.000000s ]
SQL: SHOW COLUMNS FROM `mss_goods` [ RunTime:0.006000s ]
SQL: SELECT COUNT(*) AS tp_count FROM `mss_goods` LIMIT 1   [ RunTime:0.000000s ]
SQL: SELECT * FROM `mss_goods` WHERE ( huishou!=1 ) ORDER BY selltime desc, id  [ RunTime:0.000000s ]
INFO: [ view_parse ] --START--
INFO: ParseTemplate Behavior ::run [ RunTime:0.017000s ]
INFO: [ view_parse ] --END-- [ RunTime:0.017000s ]
INFO: [ view_filter ] --START--
INFO: ContentReplace Behavior ::run [ RunTime:0.001000s ]
INFO: TokenBuild Behavior ::run [ RunTime:0.000000s ]
INFO: WriteHtmlCache Behavior ::run [ RunTime:0.001000s ]
INFO: ShowRuntime Behavior ::run [ RunTime:0.000000s ]
INFO: [ view_filter ] --END-- [ RunTime:0.002000s ]
INFO: [ view_end ] --START--
INFO: ShowPageTrace Behavior ::run [ RunTime:0.002000s ]
INFO: [ view_end ] --END-- [ RunTime:0.002000s ]

[ 2017-03-18T00:38:52+08:00 ] 127.0.0.1 /shop/admin.php/Goods/upda/id/53
INFO: [ route_check ] --START--
INFO: CheckRoute Behavior ::run [ RunTime:0.001000s ]
INFO: [ route_check ] --END-- [ RunTime:0.001000s ]
INFO: [ app_begin ] --START--
INFO: ReadHtmlCache Behavior ::run [ RunTime:0.000000s ]
INFO: [ app_begin ] --END-- [ RunTime:0.001000s ]
SQL: SHOW COLUMNS FROM `mss_goods` [ RunTime:0.010000s ]
SQL: SELECT * FROM `mss_goods` WHERE ( `id` = 53 ) LIMIT 1   [ RunTime:0.005000s ]
SQL: SHOW COLUMNS FROM `mss_goods_category` [ RunTime:0.008000s ]
SQL: SELECT * FROM `mss_goods_category` ORDER BY concat(path,',',id)  [ RunTime:0.001000s ]
SQL: SHOW COLUMNS FROM `mss_goods_type` [ RunTime:0.008000s ]
ERR: 1146:Table 'shop.mss_goods_type' doesn't exist
 [ SQL语句 ] : SHOW COLUMNS FROM `mss_goods_type`
SQL: SHOW COLUMNS FROM `mss_goods_vtype` [ RunTime:0.006000s ]
ERR: 1146:Table 'shop.mss_goods_vtype' doesn't exist
 [ SQL语句 ] : SHOW COLUMNS FROM `mss_goods_vtype`
SQL: SELECT * FROM `mss_goods_type`  [ RunTime:0.000000s ]
ERR: 1146:Table 'shop.mss_goods_type' doesn't exist
 [ SQL语句 ] : SELECT * FROM `mss_goods_type` 
NOTIC: [2] Invalid argument supplied for foreach() E:\phpStudy\WWW\shop\Admin\Lib\Action\GoodsAction.class.php 第 295 行.
INFO: [ view_parse ] --START--
NOTIC: [2] file_get_contents(./Admin/Tpl/Index/sider.html) [<a href='function.file-get-contents'>function.file-get-contents</a>]: failed to open stream: No such file or directory E:\phpStudy\WWW\shop\ThinkPHP\Lib\Template\ThinkTemplate.class.php 第 695 行.
INFO: ParseTemplate Behavior ::run [ RunTime:0.011000s ]
INFO: [ view_parse ] --END-- [ RunTime:0.011000s ]
INFO: [ view_filter ] --START--
INFO: ContentReplace Behavior ::run [ RunTime:0.000000s ]
INFO: TokenBuild Behavior ::run [ RunTime:0.001000s ]
INFO: WriteHtmlCache Behavior ::run [ RunTime:0.000000s ]
INFO: ShowRuntime Behavior ::run [ RunTime:0.001000s ]
INFO: [ view_filter ] --END-- [ RunTime:0.002000s ]
INFO: [ view_end ] --START--
INFO: ShowPageTrace Behavior ::run [ RunTime:0.001000s ]
INFO: [ view_end ] --END-- [ RunTime:0.001000s ]

[ 2017-03-18T00:39:52+08:00 ] 127.0.0.1 /shop/admin.php/Goods/update/id/53
INFO: [ route_check ] --START--
INFO: CheckRoute Behavior ::run [ RunTime:0.001000s ]
INFO: [ route_check ] --END-- [ RunTime:0.001000s ]
INFO: [ app_begin ] --START--
INFO: ReadHtmlCache Behavior ::run [ RunTime:0.001000s ]
INFO: [ app_begin ] --END-- [ RunTime:0.001000s ]
SQL: SHOW COLUMNS FROM `mss_admin_log` [ RunTime:0.015000s ]
SQL: INSERT INTO `mss_admin_log` (`userid`,`time`,`loginfo`,`userip`) VALUES (1,1489768792,'管理员admin修改了商品','127.0.0.1') [ RunTime:0.000000s ]
SQL: SHOW COLUMNS FROM `mss_goods_vtype` [ RunTime:0.007000s ]
ERR: 1146:Table 'shop.mss_goods_vtype' doesn't exist
 [ SQL语句 ] : SHOW COLUMNS FROM `mss_goods_vtype`
NOTIC: [8] Undefined index: gtype E:\phpStudy\WWW\shop\Admin\Lib\Action\GoodsAction.class.php 第 341 行.
NOTIC: [2] implode() [<a href='function.implode'>function.implode</a>]: Invalid arguments passed E:\phpStudy\WWW\shop\Admin\Lib\Action\GoodsAction.class.php 第 341 行.
NOTIC: [2] implode() [<a href='function.implode'>function.implode</a>]: Invalid arguments passed E:\phpStudy\WWW\shop\ThinkPHP\Lib\Core\Db.class.php 第 497 行.
SQL: SELECT * FROM `mss_goods_vtype` WHERE ( `id` IN () ) AND ( `typeid` = 18 )  [ RunTime:0.001000s ]
ERR: 1064:You have an error in your SQL syntax; check the manual that corresponds to your MySQL server version for the right syntax to use near ') ) AND ( `typeid` = 18 )' at line 1
 [ SQL语句 ] : SELECT * FROM `mss_goods_vtype` WHERE ( `id` IN () ) AND ( `typeid` = 18 ) 
NOTIC: [2] Invalid argument supplied for foreach() E:\phpStudy\WWW\shop\Admin\Lib\Action\GoodsAction.class.php 第 350 行.
NOTIC: [8] Undefined variable: arrcolor E:\phpStudy\WWW\shop\Admin\Lib\Action\GoodsAction.class.php 第 353 行.
NOTIC: [2] implode() [<a href='function.implode'>function.implode</a>]: Invalid arguments passed E:\phpStudy\WWW\shop\Admin\Lib\Action\GoodsAction.class.php 第 353 行.
NOTIC: [2] implode() [<a href='function.implode'>function.implode</a>]: Invalid arguments passed E:\phpStudy\WWW\shop\ThinkPHP\Lib\Core\Db.class.php 第 497 行.
SQL: SELECT * FROM `mss_goods_vtype` WHERE ( `id` IN () ) AND ( `typeid` = 19 )  [ RunTime:0.000000s ]
ERR: 1064:You have an error in your SQL syntax; check the manual that corresponds to your MySQL server version for the right syntax to use near ') ) AND ( `typeid` = 19 )' at line 1
 [ SQL语句 ] : SELECT * FROM `mss_goods_vtype` WHERE ( `id` IN () ) AND ( `typeid` = 19 ) 
NOTIC: [2] Invalid argument supplied for foreach() E:\phpStudy\WWW\shop\Admin\Lib\Action\GoodsAction.class.php 第 359 行.
NOTIC: [8] Undefined variable: arrsize E:\phpStudy\WWW\shop\Admin\Lib\Action\GoodsAction.class.php 第 363 行.
NOTIC: [2] implode() [<a href='function.implode'>function.implode</a>]: Invalid arguments passed E:\phpStudy\WWW\shop\Admin\Lib\Action\GoodsAction.class.php 第 363 行.
NOTIC: [2048] Creating default object from empty value E:\phpStudy\WWW\shop\Admin\Lib\Action\GoodsAction.class.php 第 368 行.
SQL: SHOW COLUMNS FROM `mss_goods` [ RunTime:0.008000s ]
SQL: UPDATE `mss_goods` SET `gname`='两房一厅租',`gtotal`=1,`gnum`='10012',`price`='1500',`mprice`='1500',`classid`=11,`issell`=1,`gdescription`='<div class=\"fy-box clearfix mt30\" style=\"margin: 30px 0px 0px; padding: 0px; border-top: none; border-right: none; border-bottom: 1px solid rgb(239, 239, 239); border-left: none; border-image: initial; zoom: 1; position: relative; color: rgb(74, 74, 74); font-family: &quot;Microsoft YaHei&quot;, &quot;Hiragino Sans GB&quot;, STHeiti, SimSun, Arial; font-size: 14px; white-space: normal;\"><div class=\"cont\" style=\"margin: 0px 30px 0px 140px; padding: 0px; border: none; position: relative;\"><p class=\"mb15\" style=\"margin-top: 0px; margin-bottom: 15px; padding: 0px; border: none; line-height: 24px;\"><span style=\"font-weight: 700; color: rgb(51, 51, 51);\">房源亮点：</span>房子格局方正，采光通风效果都很好，高楼层，每个房间视野都非常开阔，完全无遮挡。小区环境优美，绿化好，空气清新，物业管理完善，小区设安保人员24小时巡查，让您拥有一个五星级的家</p><p class=\"mb15\" style=\"margin-top: 0px; margin-bottom: 15px; padding: 0px; border: none; line-height: 24px;\"><span style=\"font-weight: 700; color: rgb(51, 51, 51);\">户型简介：</span>房子格局方方正正，采光，通风效果都很好！而且每个房间都是视野采光都很好的</p><p class=\"mb15\" style=\"margin-top: 0px; margin-bottom: 15px; padding: 0px; border: none; line-height: 24px;\"><span style=\"font-weight: 700; color: rgb(51, 51, 51);\">装修描述：</span>欧式家私家具，电冰箱，电视，基本家庭所用到的家私家电尽有，拧包入住即可。</p><p class=\"mb15\" style=\"margin-top: 0px; margin-bottom: 15px; padding: 0px; border: none; line-height: 24px;\"><span style=\"font-weight: 700; color: rgb(51, 51, 51);\">周边配套：</span>小太阳幼儿园、敏儿幼儿园中小学：永一小学、坦洲实验中学。医院：中山市坦洲医院-急救中心 邮局：中国邮政银行：中国银行中山坦洲锦绣支行、农村信用社锦绣分社其他：公园小区内部配套：社区运动泛会所、健身设施、泳池、风情商业街、商业广场</p><p class=\"mb15\" style=\"margin-top: 0px; margin-bottom: 15px; padding: 0px; border: none; line-height: 24px;\"><span style=\"font-weight: 700; color: rgb(51, 51, 51);\">小区介绍：</span>万科金悦华庭承金字系列产品精髓，集28年智慧大成，以成熟的产品体系，完善的生活体系，超前的规划理念，打造城市丰盛生活</p></div></div><p><br/></p>',`gtype`=null,`color`=null,`size`=null,`pic`='58cc11584faad.jpg' WHERE ( id=53 ) [ RunTime:0.001000s ]
INFO: [ view_parse ] --START--
INFO: ParseTemplate Behavior ::run [ RunTime:0.006000s ]
INFO: [ view_parse ] --END-- [ RunTime:0.006000s ]
INFO: [ view_filter ] --START--
INFO: ContentReplace Behavior ::run [ RunTime:0.000000s ]
INFO: TokenBuild Behavior ::run [ RunTime:0.001000s ]
INFO: WriteHtmlCache Behavior ::run [ RunTime:0.000000s ]
INFO: ShowRuntime Behavior ::run [ RunTime:0.001000s ]
INFO: [ view_filter ] --END-- [ RunTime:0.002000s ]
INFO: [ view_end ] --START--
INFO: ShowPageTrace Behavior ::run [ RunTime:0.000000s ]
INFO: [ view_end ] --END-- [ RunTime:0.000000s ]

[ 2017-03-18T00:39:54+08:00 ] 127.0.0.1 /shop/admin.php/Goods/lists
INFO: [ route_check ] --START--
INFO: CheckRoute Behavior ::run [ RunTime:0.000000s ]
INFO: [ route_check ] --END-- [ RunTime:0.000000s ]
INFO: [ app_begin ] --START--
INFO: ReadHtmlCache Behavior ::run [ RunTime:0.000000s ]
INFO: [ app_begin ] --END-- [ RunTime:0.000000s ]
SQL: SHOW COLUMNS FROM `mss_admin_log` [ RunTime:0.017000s ]
SQL: INSERT INTO `mss_admin_log` (`userid`,`time`,`loginfo`,`userip`) VALUES (1,1489768794,'管理员admin查看了商品列表','127.0.0.1') [ RunTime:0.000000s ]
SQL: SHOW COLUMNS FROM `mss_goods` [ RunTime:0.012000s ]
SQL: SELECT COUNT(*) AS tp_count FROM `mss_goods` LIMIT 1   [ RunTime:0.000000s ]
SQL: SELECT * FROM `mss_goods` WHERE ( huishou!=1 ) ORDER BY selltime desc, id  [ RunTime:0.001000s ]
INFO: [ view_parse ] --START--
INFO: ParseTemplate Behavior ::run [ RunTime:0.011000s ]
INFO: [ view_parse ] --END-- [ RunTime:0.011000s ]
INFO: [ view_filter ] --START--
INFO: ContentReplace Behavior ::run [ RunTime:0.001000s ]
INFO: TokenBuild Behavior ::run [ RunTime:0.000000s ]
INFO: WriteHtmlCache Behavior ::run [ RunTime:0.000000s ]
INFO: ShowRuntime Behavior ::run [ RunTime:0.000000s ]
INFO: [ view_filter ] --END-- [ RunTime:0.002000s ]
INFO: [ view_end ] --START--
INFO: ShowPageTrace Behavior ::run [ RunTime:0.001000s ]
INFO: [ view_end ] --END-- [ RunTime:0.001000s ]

[ 2017-03-18T00:40:21+08:00 ] 127.0.0.1 /shop/admin.php/Class/lists
INFO: [ route_check ] --START--
INFO: CheckRoute Behavior ::run [ RunTime:0.001000s ]
INFO: [ route_check ] --END-- [ RunTime:0.001000s ]
INFO: [ app_begin ] --START--
INFO: ReadHtmlCache Behavior ::run [ RunTime:0.000000s ]
INFO: [ app_begin ] --END-- [ RunTime:0.000000s ]
SQL: SHOW COLUMNS FROM `mss_admin_log` [ RunTime:0.018000s ]
SQL: INSERT INTO `mss_admin_log` (`userid`,`time`,`loginfo`,`userip`) VALUES (1,1489768821,'管理员admin查看了分类列表','127.0.0.1') [ RunTime:0.001000s ]
SQL: SHOW COLUMNS FROM `mss_goods_category` [ RunTime:0.009000s ]
SQL: SELECT COUNT(*) AS tp_count FROM `mss_goods_category` LIMIT 1   [ RunTime:0.001000s ]
SQL: SELECT * FROM `mss_goods_category` ORDER BY concat(path,',',id) asc,`ordernum` asc  [ RunTime:0.001000s ]
SQL: SHOW COLUMNS FROM `mss_goods` [ RunTime:0.010000s ]
SQL: SELECT * FROM `mss_goods` WHERE ( classid=10 )  [ RunTime:0.000000s ]
SQL: SELECT * FROM `mss_goods` WHERE ( classid=23 )  [ RunTime:0.000000s ]
SQL: SELECT * FROM `mss_goods` WHERE ( classid=11 )  [ RunTime:0.001000s ]
SQL: SELECT * FROM `mss_goods` WHERE ( classid=17 )  [ RunTime:0.000000s ]
SQL: SELECT * FROM `mss_goods` WHERE ( classid=22 )  [ RunTime:0.000000s ]
SQL: SELECT * FROM `mss_goods` WHERE ( classid=9 )  [ RunTime:0.001000s ]
SQL: SELECT * FROM `mss_goods` WHERE ( classid=24 )  [ RunTime:0.000000s ]
SQL: SELECT * FROM `mss_goods` WHERE ( classid=25 )  [ RunTime:0.000000s ]
INFO: [ view_parse ] --START--
INFO: ParseTemplate Behavior ::run [ RunTime:0.010000s ]
INFO: [ view_parse ] --END-- [ RunTime:0.010000s ]
INFO: [ view_filter ] --START--
INFO: ContentReplace Behavior ::run [ RunTime:0.000000s ]
INFO: TokenBuild Behavior ::run [ RunTime:0.001000s ]
INFO: WriteHtmlCache Behavior ::run [ RunTime:0.000000s ]
INFO: ShowRuntime Behavior ::run [ RunTime:0.001000s ]
INFO: [ view_filter ] --END-- [ RunTime:0.002000s ]
INFO: [ view_end ] --START--
INFO: ShowPageTrace Behavior ::run [ RunTime:0.001000s ]
INFO: [ view_end ] --END-- [ RunTime:0.001000s ]

[ 2017-03-18T00:41:49+08:00 ] 127.0.0.1 /shop/admin.php/Config/listsConfig
INFO: [ route_check ] --START--
INFO: CheckRoute Behavior ::run [ RunTime:0.001000s ]
INFO: [ route_check ] --END-- [ RunTime:0.001000s ]
INFO: [ app_begin ] --START--
INFO: ReadHtmlCache Behavior ::run [ RunTime:0.001000s ]
INFO: [ app_begin ] --END-- [ RunTime:0.001000s ]
SQL: SHOW COLUMNS FROM `mss_admin_log` [ RunTime:0.012000s ]
SQL: INSERT INTO `mss_admin_log` (`userid`,`time`,`loginfo`,`userip`) VALUES (1,1489768909,'管理员admin查看了网站配置','127.0.0.1') [ RunTime:0.000000s ]
SQL: SHOW COLUMNS FROM `mss_webconfig` [ RunTime:0.009000s ]
SQL: SELECT * FROM `mss_webconfig`  [ RunTime:0.001000s ]
INFO: [ view_parse ] --START--
INFO: ParseTemplate Behavior ::run [ RunTime:0.020000s ]
INFO: [ view_parse ] --END-- [ RunTime:0.020000s ]
INFO: [ view_filter ] --START--
INFO: ContentReplace Behavior ::run [ RunTime:0.001000s ]
INFO: TokenBuild Behavior ::run [ RunTime:0.001000s ]
INFO: WriteHtmlCache Behavior ::run [ RunTime:0.000000s ]
INFO: ShowRuntime Behavior ::run [ RunTime:0.001000s ]
INFO: [ view_filter ] --END-- [ RunTime:0.003000s ]
INFO: [ view_end ] --START--
INFO: ShowPageTrace Behavior ::run [ RunTime:0.001000s ]
INFO: [ view_end ] --END-- [ RunTime:0.001000s ]

[ 2017-03-18T00:41:50+08:00 ] 127.0.0.1 /shop/admin.php/Config/listsConfig
INFO: [ route_check ] --START--
INFO: CheckRoute Behavior ::run [ RunTime:0.001000s ]
INFO: [ route_check ] --END-- [ RunTime:0.001000s ]
INFO: [ app_begin ] --START--
INFO: ReadHtmlCache Behavior ::run [ RunTime:0.001000s ]
INFO: [ app_begin ] --END-- [ RunTime:0.001000s ]
SQL: SHOW COLUMNS FROM `mss_admin_log` [ RunTime:0.015000s ]
SQL: INSERT INTO `mss_admin_log` (`userid`,`time`,`loginfo`,`userip`) VALUES (1,1489768910,'管理员admin查看了网站配置','127.0.0.1') [ RunTime:0.001000s ]
SQL: SHOW COLUMNS FROM `mss_webconfig` [ RunTime:0.009000s ]
SQL: SELECT * FROM `mss_webconfig`  [ RunTime:0.001000s ]
INFO: [ view_parse ] --START--
INFO: ParseTemplate Behavior ::run [ RunTime:0.019000s ]
INFO: [ view_parse ] --END-- [ RunTime:0.019000s ]
INFO: [ view_filter ] --START--
INFO: ContentReplace Behavior ::run [ RunTime:0.000000s ]
INFO: TokenBuild Behavior ::run [ RunTime:0.001000s ]
INFO: WriteHtmlCache Behavior ::run [ RunTime:0.000000s ]
INFO: ShowRuntime Behavior ::run [ RunTime:0.000000s ]
INFO: [ view_filter ] --END-- [ RunTime:0.001000s ]
INFO: [ view_end ] --START--
INFO: ShowPageTrace Behavior ::run [ RunTime:0.001000s ]
INFO: [ view_end ] --END-- [ RunTime:0.001000s ]

[ 2017-03-18T00:42:16+08:00 ] 127.0.0.1 /shop/admin.php/Config/updaConfig
INFO: [ route_check ] --START--
INFO: CheckRoute Behavior ::run [ RunTime:0.001000s ]
INFO: [ route_check ] --END-- [ RunTime:0.001000s ]
INFO: [ app_begin ] --START--
INFO: ReadHtmlCache Behavior ::run [ RunTime:0.000000s ]
INFO: [ app_begin ] --END-- [ RunTime:0.000000s ]
SQL: SHOW COLUMNS FROM `mss_admin_log` [ RunTime:0.018000s ]
SQL: INSERT INTO `mss_admin_log` (`userid`,`time`,`loginfo`,`userip`) VALUES (1,1489768936,'管理员admin修改了网站配置','127.0.0.1') [ RunTime:0.001000s ]
SQL: SHOW COLUMNS FROM `mss_webconfig` [ RunTime:0.011000s ]
SQL: UPDATE `mss_webconfig` SET `content`='社区O2O服务网站' WHERE ( `item` = 'shopname' ) [ RunTime:0.001000s ]
NOTIC: [8] Undefined variable: r E:\phpStudy\WWW\shop\Admin\Lib\Action\ConfigAction.class.php 第 41 行.
SQL: UPDATE `mss_webconfig` SET `content`='社区O2O服务网站' WHERE ( `item` = 'shoptitle' ) [ RunTime:0.000000s ]
SQL: UPDATE `mss_webconfig` SET `content`='社区O2O服务网站' WHERE ( `item` = 'keywords' ) [ RunTime:0.000000s ]
SQL: UPDATE `mss_webconfig` SET `content`='社区O2O服务网站' WHERE ( `item` = 'description' ) [ RunTime:0.000000s ]
SQL: UPDATE `mss_webconfig` SET `content`='scz@mss.com' WHERE ( `item` = 'aemail' ) [ RunTime:0.000000s ]
SQL: UPDATE `mss_webconfig` SET `content`='' WHERE ( `item` = 'shopowner' ) [ RunTime:0.000000s ]
SQL: UPDATE `mss_webconfig` SET `content`='1001001001001008x' WHERE ( `item` = 'idcard' ) [ RunTime:0.001000s ]
SQL: UPDATE `mss_webconfig` SET `content`='+(010) 6666666666' WHERE ( `item` = 'cellphone' ) [ RunTime:0.000000s ]
SQL: UPDATE `mss_webconfig` SET `content`='www.dingcan.com' WHERE ( `item` = 'weibo' ) [ RunTime:0.000000s ]
SQL: UPDATE `mss_webconfig` SET `content`='' WHERE ( `item` = 'address' ) [ RunTime:0.001000s ]
SQL: UPDATE `mss_webconfig` SET `content`='999999' WHERE ( `item` = 'caddress' ) [ RunTime:0.000000s ]
NOTIC: [8] Undefined variable: p E:\phpStudy\WWW\shop\Admin\Lib\Action\ConfigAction.class.php 第 45 行.
INFO: [ view_parse ] --START--
INFO: ParseTemplate Behavior ::run [ RunTime:0.009000s ]
INFO: [ view_parse ] --END-- [ RunTime:0.009000s ]
INFO: [ view_filter ] --START--
INFO: ContentReplace Behavior ::run [ RunTime:0.000000s ]
INFO: TokenBuild Behavior ::run [ RunTime:0.000000s ]
INFO: WriteHtmlCache Behavior ::run [ RunTime:0.001000s ]
INFO: ShowRuntime Behavior ::run [ RunTime:0.000000s ]
INFO: [ view_filter ] --END-- [ RunTime:0.002000s ]
INFO: [ view_end ] --START--
INFO: ShowPageTrace Behavior ::run [ RunTime:0.001000s ]
INFO: [ view_end ] --END-- [ RunTime:0.001000s ]

[ 2017-03-18T00:42:17+08:00 ] 127.0.0.1 /shop/admin.php/Config/updaConfig
INFO: [ route_check ] --START--
INFO: CheckRoute Behavior ::run [ RunTime:0.000000s ]
INFO: [ route_check ] --END-- [ RunTime:0.000000s ]
INFO: [ app_begin ] --START--
INFO: ReadHtmlCache Behavior ::run [ RunTime:0.001000s ]
INFO: [ app_begin ] --END-- [ RunTime:0.001000s ]
SQL: SHOW COLUMNS FROM `mss_admin_log` [ RunTime:0.013000s ]
SQL: INSERT INTO `mss_admin_log` (`userid`,`time`,`loginfo`,`userip`) VALUES (1,1489768937,'管理员admin修改了网站配置','127.0.0.1') [ RunTime:0.000000s ]
SQL: SHOW COLUMNS FROM `mss_webconfig` [ RunTime:0.013000s ]
SQL: UPDATE `mss_webconfig` SET `content`='社区O2O服务网站' WHERE ( `item` = 'shopname' ) [ RunTime:0.001000s ]
NOTIC: [8] Undefined variable: r E:\phpStudy\WWW\shop\Admin\Lib\Action\ConfigAction.class.php 第 41 行.
SQL: UPDATE `mss_webconfig` SET `content`='社区O2O服务网站' WHERE ( `item` = 'shoptitle' ) [ RunTime:0.000000s ]
SQL: UPDATE `mss_webconfig` SET `content`='社区O2O服务网站' WHERE ( `item` = 'keywords' ) [ RunTime:0.000000s ]
SQL: UPDATE `mss_webconfig` SET `content`='社区O2O服务网站' WHERE ( `item` = 'description' ) [ RunTime:0.001000s ]
SQL: UPDATE `mss_webconfig` SET `content`='scz@mss.com' WHERE ( `item` = 'aemail' ) [ RunTime:0.000000s ]
SQL: UPDATE `mss_webconfig` SET `content`='' WHERE ( `item` = 'shopowner' ) [ RunTime:0.001000s ]
SQL: UPDATE `mss_webconfig` SET `content`='1001001001001008x' WHERE ( `item` = 'idcard' ) [ RunTime:0.000000s ]
SQL: UPDATE `mss_webconfig` SET `content`='+(010) 6666666666' WHERE ( `item` = 'cellphone' ) [ RunTime:0.001000s ]
SQL: UPDATE `mss_webconfig` SET `content`='www.dingcan.com' WHERE ( `item` = 'weibo' ) [ RunTime:0.000000s ]
SQL: UPDATE `mss_webconfig` SET `content`='' WHERE ( `item` = 'address' ) [ RunTime:0.000000s ]
SQL: UPDATE `mss_webconfig` SET `content`='999999' WHERE ( `item` = 'caddress' ) [ RunTime:0.000000s ]
NOTIC: [8] Undefined variable: p E:\phpStudy\WWW\shop\Admin\Lib\Action\ConfigAction.class.php 第 45 行.
INFO: [ view_parse ] --START--
INFO: ParseTemplate Behavior ::run [ RunTime:0.009000s ]
INFO: [ view_parse ] --END-- [ RunTime:0.009000s ]
INFO: [ view_filter ] --START--
INFO: ContentReplace Behavior ::run [ RunTime:0.000000s ]
INFO: TokenBuild Behavior ::run [ RunTime:0.001000s ]
INFO: WriteHtmlCache Behavior ::run [ RunTime:0.000000s ]
INFO: ShowRuntime Behavior ::run [ RunTime:0.000000s ]
INFO: [ view_filter ] --END-- [ RunTime:0.002000s ]
INFO: [ view_end ] --START--
INFO: ShowPageTrace Behavior ::run [ RunTime:0.001000s ]
INFO: [ view_end ] --END-- [ RunTime:0.001000s ]

[ 2017-03-18T00:51:45+08:00 ] 127.0.0.1 /shop/admin.php/User/lists
INFO: [ route_check ] --START--
INFO: CheckRoute Behavior ::run [ RunTime:0.001000s ]
INFO: [ route_check ] --END-- [ RunTime:0.001000s ]
INFO: [ app_begin ] --START--
INFO: ReadHtmlCache Behavior ::run [ RunTime:0.000000s ]
INFO: [ app_begin ] --END-- [ RunTime:0.000000s ]
SQL: SHOW COLUMNS FROM `mss_admin_log` [ RunTime:0.011000s ]
SQL: INSERT INTO `mss_admin_log` (`userid`,`time`,`loginfo`,`userip`) VALUES (1,1489769504,'管理员admin查看了用户列表','127.0.0.1') [ RunTime:0.000000s ]
SQL: SHOW COLUMNS FROM `mss_user` [ RunTime:0.009000s ]
SQL: SHOW COLUMNS FROM `mss_userinfo` [ RunTime:0.007000s ]
SQL: SELECT * FROM `mss_userinfo`  [ RunTime:0.000000s ]
SQL: SELECT * FROM `mss_user`  [ RunTime:0.000000s ]
INFO: [ view_parse ] --START--
INFO: ParseTemplate Behavior ::run [ RunTime:0.032000s ]
INFO: [ view_parse ] --END-- [ RunTime:0.032000s ]
INFO: [ view_filter ] --START--
INFO: ContentReplace Behavior ::run [ RunTime:0.001000s ]
INFO: TokenBuild Behavior ::run [ RunTime:0.000000s ]
INFO: WriteHtmlCache Behavior ::run [ RunTime:0.000000s ]
INFO: ShowRuntime Behavior ::run [ RunTime:0.001000s ]
INFO: [ view_filter ] --END-- [ RunTime:0.002000s ]
INFO: [ view_end ] --START--
INFO: ShowPageTrace Behavior ::run [ RunTime:0.001000s ]
INFO: [ view_end ] --END-- [ RunTime:0.001000s ]

[ 2017-03-18T00:51:48+08:00 ] 127.0.0.1 /shop/admin.php/Goods/lists
INFO: [ route_check ] --START--
INFO: CheckRoute Behavior ::run [ RunTime:0.001000s ]
INFO: [ route_check ] --END-- [ RunTime:0.001000s ]
INFO: [ app_begin ] --START--
INFO: ReadHtmlCache Behavior ::run [ RunTime:0.000000s ]
INFO: [ app_begin ] --END-- [ RunTime:0.000000s ]
SQL: SHOW COLUMNS FROM `mss_admin_log` [ RunTime:0.008000s ]
SQL: INSERT INTO `mss_admin_log` (`userid`,`time`,`loginfo`,`userip`) VALUES (1,1489769508,'管理员admin查看了商品列表','127.0.0.1') [ RunTime:0.000000s ]
SQL: SHOW COLUMNS FROM `mss_goods` [ RunTime:0.006000s ]
SQL: SELECT COUNT(*) AS tp_count FROM `mss_goods` LIMIT 1   [ RunTime:0.000000s ]
SQL: SELECT * FROM `mss_goods` WHERE ( huishou!=1 ) ORDER BY selltime desc, id  [ RunTime:0.001000s ]
INFO: [ view_parse ] --START--
INFO: ParseTemplate Behavior ::run [ RunTime:0.027000s ]
INFO: [ view_parse ] --END-- [ RunTime:0.027000s ]
INFO: [ view_filter ] --START--
INFO: ContentReplace Behavior ::run [ RunTime:0.001000s ]
INFO: TokenBuild Behavior ::run [ RunTime:0.000000s ]
INFO: WriteHtmlCache Behavior ::run [ RunTime:0.001000s ]
INFO: ShowRuntime Behavior ::run [ RunTime:0.000000s ]
INFO: [ view_filter ] --END-- [ RunTime:0.002000s ]
INFO: [ view_end ] --START--
INFO: ShowPageTrace Behavior ::run [ RunTime:0.001000s ]
INFO: [ view_end ] --END-- [ RunTime:0.001000s ]

[ 2017-03-18T00:51:51+08:00 ] 127.0.0.1 /shop/admin.php/Order/lists
INFO: [ route_check ] --START--
INFO: CheckRoute Behavior ::run [ RunTime:0.001000s ]
INFO: [ route_check ] --END-- [ RunTime:0.001000s ]
INFO: [ app_begin ] --START--
INFO: ReadHtmlCache Behavior ::run [ RunTime:0.001000s ]
INFO: [ app_begin ] --END-- [ RunTime:0.001000s ]
SQL: SHOW COLUMNS FROM `mss_order` [ RunTime:0.008000s ]
SQL: SHOW COLUMNS FROM `mss_address` [ RunTime:0.009000s ]
SQL: SELECT * FROM `mss_order` ORDER BY addtime desc  [ RunTime:0.000000s ]
SQL: SHOW COLUMNS FROM `mss_dilivery` [ RunTime:0.009000s ]
SQL: SHOW COLUMNS FROM `mss_order_detail` [ RunTime:0.006000s ]
SQL: SELECT * FROM `mss_address` WHERE ( id=18 ) LIMIT 1   [ RunTime:0.000000s ]
SQL: SELECT * FROM `mss_dilivery` WHERE ( id=2 ) LIMIT 1   [ RunTime:0.000000s ]
SQL: SELECT SUM(subtotal) AS tp_sum FROM `mss_order_detail` WHERE ( orderid=44 ) LIMIT 1   [ RunTime:0.001000s ]
SQL: SELECT * FROM `mss_address` WHERE ( id=16 ) LIMIT 1   [ RunTime:0.000000s ]
SQL: SELECT * FROM `mss_dilivery` WHERE ( id=2 ) LIMIT 1   [ RunTime:0.000000s ]
SQL: SELECT SUM(subtotal) AS tp_sum FROM `mss_order_detail` WHERE ( orderid=43 ) LIMIT 1   [ RunTime:0.001000s ]
SQL: SELECT * FROM `mss_address` WHERE ( id=16 ) LIMIT 1   [ RunTime:0.000000s ]
SQL: SELECT * FROM `mss_dilivery` WHERE ( id=2 ) LIMIT 1   [ RunTime:0.000000s ]
SQL: SELECT SUM(subtotal) AS tp_sum FROM `mss_order_detail` WHERE ( orderid=42 ) LIMIT 1   [ RunTime:0.001000s ]
SQL: SELECT * FROM `mss_address` WHERE ( id=16 ) LIMIT 1   [ RunTime:0.000000s ]
SQL: SELECT * FROM `mss_dilivery` WHERE ( id=2 ) LIMIT 1   [ RunTime:0.000000s ]
SQL: SELECT SUM(subtotal) AS tp_sum FROM `mss_order_detail` WHERE ( orderid=41 ) LIMIT 1   [ RunTime:0.001000s ]
SQL: SELECT * FROM `mss_address` WHERE ( id=16 ) LIMIT 1   [ RunTime:0.000000s ]
SQL: SELECT * FROM `mss_dilivery` WHERE ( id=2 ) LIMIT 1   [ RunTime:0.000000s ]
SQL: SELECT SUM(subtotal) AS tp_sum FROM `mss_order_detail` WHERE ( orderid=40 ) LIMIT 1   [ RunTime:0.001000s ]
SQL: SELECT * FROM `mss_address` WHERE ( id=17 ) LIMIT 1   [ RunTime:0.000000s ]
SQL: SELECT * FROM `mss_dilivery` WHERE ( id=2 ) LIMIT 1   [ RunTime:0.000000s ]
SQL: SELECT SUM(subtotal) AS tp_sum FROM `mss_order_detail` WHERE ( orderid=39 ) LIMIT 1   [ RunTime:0.001000s ]
SQL: SELECT * FROM `mss_address` WHERE ( id=15 ) LIMIT 1   [ RunTime:0.000000s ]
SQL: SELECT * FROM `mss_dilivery` WHERE ( id=2 ) LIMIT 1   [ RunTime:0.000000s ]
SQL: SELECT SUM(subtotal) AS tp_sum FROM `mss_order_detail` WHERE ( orderid=38 ) LIMIT 1   [ RunTime:0.000000s ]
SQL: SELECT * FROM `mss_address` WHERE ( id=15 ) LIMIT 1   [ RunTime:0.000000s ]
SQL: SELECT * FROM `mss_dilivery` WHERE ( id=2 ) LIMIT 1   [ RunTime:0.000000s ]
SQL: SELECT SUM(subtotal) AS tp_sum FROM `mss_order_detail` WHERE ( orderid=37 ) LIMIT 1   [ RunTime:0.000000s ]
INFO: [ view_parse ] --START--
INFO: ParseTemplate Behavior ::run [ RunTime:0.028000s ]
INFO: [ view_parse ] --END-- [ RunTime:0.028000s ]
INFO: [ view_filter ] --START--
INFO: ContentReplace Behavior ::run [ RunTime:0.001000s ]
INFO: TokenBuild Behavior ::run [ RunTime:0.001000s ]
INFO: WriteHtmlCache Behavior ::run [ RunTime:0.000000s ]
INFO: ShowRuntime Behavior ::run [ RunTime:0.001000s ]
INFO: [ view_filter ] --END-- [ RunTime:0.003000s ]
INFO: [ view_end ] --START--
INFO: ShowPageTrace Behavior ::run [ RunTime:0.001000s ]
INFO: [ view_end ] --END-- [ RunTime:0.001000s ]

[ 2017-03-18T00:51:53+08:00 ] 127.0.0.1 /shop/admin.php/Config/listsConfig
INFO: [ route_check ] --START--
INFO: CheckRoute Behavior ::run [ RunTime:0.001000s ]
INFO: [ route_check ] --END-- [ RunTime:0.001000s ]
INFO: [ app_begin ] --START--
INFO: ReadHtmlCache Behavior ::run [ RunTime:0.001000s ]
INFO: [ app_begin ] --END-- [ RunTime:0.001000s ]
SQL: SHOW COLUMNS FROM `mss_admin_log` [ RunTime:0.021000s ]
SQL: INSERT INTO `mss_admin_log` (`userid`,`time`,`loginfo`,`userip`) VALUES (1,1489769513,'管理员admin查看了网站配置','127.0.0.1') [ RunTime:0.000000s ]
SQL: SHOW COLUMNS FROM `mss_webconfig` [ RunTime:0.009000s ]
SQL: SELECT * FROM `mss_webconfig`  [ RunTime:0.001000s ]
INFO: [ view_parse ] --START--
INFO: ParseTemplate Behavior ::run [ RunTime:0.083000s ]
INFO: [ view_parse ] --END-- [ RunTime:0.083000s ]
INFO: [ view_filter ] --START--
INFO: ContentReplace Behavior ::run [ RunTime:0.001000s ]
INFO: TokenBuild Behavior ::run [ RunTime:0.001000s ]
INFO: WriteHtmlCache Behavior ::run [ RunTime:0.000000s ]
INFO: ShowRuntime Behavior ::run [ RunTime:0.000000s ]
INFO: [ view_filter ] --END-- [ RunTime:0.003000s ]
INFO: [ view_end ] --START--
INFO: ShowPageTrace Behavior ::run [ RunTime:0.001000s ]
INFO: [ view_end ] --END-- [ RunTime:0.001000s ]

[ 2017-03-18T00:51:58+08:00 ] 127.0.0.1 /shop/admin.php/Login/logout
INFO: [ route_check ] --START--
INFO: CheckRoute Behavior ::run [ RunTime:0.000000s ]
INFO: [ route_check ] --END-- [ RunTime:0.001000s ]
INFO: [ app_begin ] --START--
INFO: ReadHtmlCache Behavior ::run [ RunTime:0.000000s ]
INFO: [ app_begin ] --END-- [ RunTime:0.000000s ]

[ 2017-03-18T00:51:59+08:00 ] 127.0.0.1 /shop/admin.php/Login/index.html
INFO: [ route_check ] --START--
INFO: CheckRoute Behavior ::run [ RunTime:0.001000s ]
INFO: [ route_check ] --END-- [ RunTime:0.001000s ]
INFO: [ app_begin ] --START--
INFO: ReadHtmlCache Behavior ::run [ RunTime:0.001000s ]
INFO: [ app_begin ] --END-- [ RunTime:0.001000s ]
INFO: [ view_parse ] --START--
INFO: ParseTemplate Behavior ::run [ RunTime:0.023000s ]
INFO: [ view_parse ] --END-- [ RunTime:0.023000s ]
INFO: [ view_filter ] --START--
INFO: ContentReplace Behavior ::run [ RunTime:0.001000s ]
INFO: TokenBuild Behavior ::run [ RunTime:0.000000s ]
INFO: WriteHtmlCache Behavior ::run [ RunTime:0.001000s ]
INFO: ShowRuntime Behavior ::run [ RunTime:0.000000s ]
INFO: [ view_filter ] --END-- [ RunTime:0.002000s ]
INFO: [ view_end ] --START--
INFO: ShowPageTrace Behavior ::run [ RunTime:0.001000s ]
INFO: [ view_end ] --END-- [ RunTime:0.001000s ]

